2023-01-11 05:58:04 startup archives unpack
2023-01-11 05:58:04 install openssl:amd64 <none> 1.1.1n-0+deb11u3
2023-01-11 05:58:04 status half-installed openssl:amd64 1.1.1n-0+deb11u3
2023-01-11 05:58:04 status unpacked openssl:amd64 1.1.1n-0+deb11u3
2023-01-11 05:58:04 install ca-certificates:all <none> 20210119
2023-01-11 05:58:04 status half-installed ca-certificates:all 20210119
2023-01-11 05:58:04 status unpacked ca-certificates:all 20210119
2023-01-11 05:58:04 install libapr1:amd64 <none> 1.7.0-6+deb11u1
2023-01-11 05:58:04 status triggers-pending libc-bin:amd64 2.31-13+deb11u5
2023-01-11 05:58:04 status half-installed libapr1:amd64 1.7.0-6+deb11u1
2023-01-11 05:58:04 status unpacked libapr1:amd64 1.7.0-6+deb11u1
2023-01-11 05:58:04 install libexpat1:amd64 <none> 2.2.10-2+deb11u5
2023-01-11 05:58:04 status half-installed libexpat1:amd64 2.2.10-2+deb11u5
2023-01-11 05:58:04 status unpacked libexpat1:amd64 2.2.10-2+deb11u5
2023-01-11 05:58:04 install libgdbm6:amd64 <none> 1.19-2
2023-01-11 05:58:04 status half-installed libgdbm6:amd64 1.19-2
2023-01-11 05:58:04 status unpacked libgdbm6:amd64 1.19-2
2023-01-11 05:58:04 install libaprutil1:amd64 <none> 1.6.1-5
2023-01-11 05:58:04 status half-installed libaprutil1:amd64 1.6.1-5
2023-01-11 05:58:04 status unpacked libaprutil1:amd64 1.6.1-5
2023-01-11 05:58:04 install libsasl2-modules-db:amd64 <none> 2.1.27+dfsg-2.1+deb11u1
2023-01-11 05:58:04 status half-installed libsasl2-modules-db:amd64 2.1.27+dfsg-2.1+deb11u1
2023-01-11 05:58:04 status unpacked libsasl2-modules-db:amd64 2.1.27+dfsg-2.1+deb11u1
2023-01-11 05:58:05 install libsasl2-2:amd64 <none> 2.1.27+dfsg-2.1+deb11u1
2023-01-11 05:58:05 status half-installed libsasl2-2:amd64 2.1.27+dfsg-2.1+deb11u1
2023-01-11 05:58:05 status unpacked libsasl2-2:amd64 2.1.27+dfsg-2.1+deb11u1
2023-01-11 05:58:05 install libldap-2.4-2:amd64 <none> 2.4.57+dfsg-3+deb11u1
2023-01-11 05:58:05 status half-installed libldap-2.4-2:amd64 2.4.57+dfsg-3+deb11u1
2023-01-11 05:58:05 status unpacked libldap-2.4-2:amd64 2.4.57+dfsg-3+deb11u1
2023-01-11 05:58:05 install libaprutil1-ldap:amd64 <none> 1.6.1-5
2023-01-11 05:58:05 status half-installed libaprutil1-ldap:amd64 1.6.1-5
2023-01-11 05:58:05 status unpacked libaprutil1-ldap:amd64 1.6.1-5
2023-01-11 05:58:05 install libldap-common:all <none> 2.4.57+dfsg-3+deb11u1
2023-01-11 05:58:05 status half-installed libldap-common:all 2.4.57+dfsg-3+deb11u1
2023-01-11 05:58:05 status unpacked libldap-common:all 2.4.57+dfsg-3+deb11u1
2023-01-11 05:58:05 startup packages configure
2023-01-11 05:58:05 configure libexpat1:amd64 2.2.10-2+deb11u5 <none>
2023-01-11 05:58:05 status unpacked libexpat1:amd64 2.2.10-2+deb11u5
2023-01-11 05:58:05 status half-configured libexpat1:amd64 2.2.10-2+deb11u5
2023-01-11 05:58:05 status installed libexpat1:amd64 2.2.10-2+deb11u5
2023-01-11 05:58:05 configure libapr1:amd64 1.7.0-6+deb11u1 <none>
2023-01-11 05:58:05 status unpacked libapr1:amd64 1.7.0-6+deb11u1
2023-01-11 05:58:05 status half-configured libapr1:amd64 1.7.0-6+deb11u1
2023-01-11 05:58:05 status installed libapr1:amd64 1.7.0-6+deb11u1
2023-01-11 05:58:05 configure libldap-common:all 2.4.57+dfsg-3+deb11u1 <none>
2023-01-11 05:58:05 status unpacked libldap-common:all 2.4.57+dfsg-3+deb11u1
2023-01-11 05:58:05 status half-configured libldap-common:all 2.4.57+dfsg-3+deb11u1
2023-01-11 05:58:05 status installed libldap-common:all 2.4.57+dfsg-3+deb11u1
2023-01-11 05:58:05 configure libsasl2-modules-db:amd64 2.1.27+dfsg-2.1+deb11u1 <none>
2023-01-11 05:58:05 status unpacked libsasl2-modules-db:amd64 2.1.27+dfsg-2.1+deb11u1
2023-01-11 05:58:05 status half-configured libsasl2-modules-db:amd64 2.1.27+dfsg-2.1+deb11u1
2023-01-11 05:58:05 status installed libsasl2-modules-db:amd64 2.1.27+dfsg-2.1+deb11u1
2023-01-11 05:58:05 configure libsasl2-2:amd64 2.1.27+dfsg-2.1+deb11u1 <none>
2023-01-11 05:58:05 status unpacked libsasl2-2:amd64 2.1.27+dfsg-2.1+deb11u1
2023-01-11 05:58:05 status half-configured libsasl2-2:amd64 2.1.27+dfsg-2.1+deb11u1
2023-01-11 05:58:05 status installed libsasl2-2:amd64 2.1.27+dfsg-2.1+deb11u1
2023-01-11 05:58:05 configure openssl:amd64 1.1.1n-0+deb11u3 <none>
2023-01-11 05:58:05 status unpacked openssl:amd64 1.1.1n-0+deb11u3
2023-01-11 05:58:05 status half-configured openssl:amd64 1.1.1n-0+deb11u3
2023-01-11 05:58:05 status installed openssl:amd64 1.1.1n-0+deb11u3
2023-01-11 05:58:05 configure libgdbm6:amd64 1.19-2 <none>
2023-01-11 05:58:05 status unpacked libgdbm6:amd64 1.19-2
2023-01-11 05:58:05 status half-configured libgdbm6:amd64 1.19-2
2023-01-11 05:58:05 status installed libgdbm6:amd64 1.19-2
2023-01-11 05:58:05 configure libaprutil1:amd64 1.6.1-5 <none>
2023-01-11 05:58:05 status unpacked libaprutil1:amd64 1.6.1-5
2023-01-11 05:58:05 status half-configured libaprutil1:amd64 1.6.1-5
2023-01-11 05:58:05 status installed libaprutil1:amd64 1.6.1-5
2023-01-11 05:58:05 configure libldap-2.4-2:amd64 2.4.57+dfsg-3+deb11u1 <none>
2023-01-11 05:58:05 status unpacked libldap-2.4-2:amd64 2.4.57+dfsg-3+deb11u1
2023-01-11 05:58:05 status half-configured libldap-2.4-2:amd64 2.4.57+dfsg-3+deb11u1
2023-01-11 05:58:05 status installed libldap-2.4-2:amd64 2.4.57+dfsg-3+deb11u1
2023-01-11 05:58:05 configure libaprutil1-ldap:amd64 1.6.1-5 <none>
2023-01-11 05:58:05 status unpacked libaprutil1-ldap:amd64 1.6.1-5
2023-01-11 05:58:05 status half-configured libaprutil1-ldap:amd64 1.6.1-5
2023-01-11 05:58:05 status installed libaprutil1-ldap:amd64 1.6.1-5
2023-01-11 05:58:05 configure ca-certificates:all 20210119 <none>
2023-01-11 05:58:05 status unpacked ca-certificates:all 20210119
2023-01-11 05:58:05 status half-configured ca-certificates:all 20210119
2023-01-11 05:58:06 status installed ca-certificates:all 20210119
2023-01-11 05:58:06 status triggers-pending ca-certificates:all 20210119
2023-01-11 05:58:06 trigproc libc-bin:amd64 2.31-13+deb11u5 <none>
2023-01-11 05:58:06 status half-configured libc-bin:amd64 2.31-13+deb11u5
2023-01-11 05:58:06 status installed libc-bin:amd64 2.31-13+deb11u5
2023-01-11 05:58:06 trigproc ca-certificates:all 20210119 <none>
2023-01-11 05:58:06 status half-configured ca-certificates:all 20210119
2023-01-11 05:58:06 status installed ca-certificates:all 20210119
2023-01-18 05:05:14 startup archives unpack
2023-01-18 05:05:14 install perl-modules-5.32:all <none> 5.32.1-4+deb11u2
2023-01-18 05:05:14 status half-installed perl-modules-5.32:all 5.32.1-4+deb11u2
2023-01-18 05:05:14 status unpacked perl-modules-5.32:all 5.32.1-4+deb11u2
2023-01-18 05:05:14 install libgdbm-compat4:amd64 <none> 1.19-2
2023-01-18 05:05:14 status triggers-pending libc-bin:amd64 2.31-13+deb11u5
2023-01-18 05:05:14 status half-installed libgdbm-compat4:amd64 1.19-2
2023-01-18 05:05:14 status unpacked libgdbm-compat4:amd64 1.19-2
2023-01-18 05:05:14 install libperl5.32:amd64 <none> 5.32.1-4+deb11u2
2023-01-18 05:05:14 status half-installed libperl5.32:amd64 5.32.1-4+deb11u2
2023-01-18 05:05:15 status unpacked libperl5.32:amd64 5.32.1-4+deb11u2
2023-01-18 05:05:15 install perl:amd64 <none> 5.32.1-4+deb11u2
2023-01-18 05:05:15 status half-installed perl:amd64 5.32.1-4+deb11u2
2023-01-18 05:05:15 status unpacked perl:amd64 5.32.1-4+deb11u2
2023-01-18 05:05:15 install libpython3.9-minimal:amd64 <none> 3.9.2-1
2023-01-18 05:05:15 status half-installed libpython3.9-minimal:amd64 3.9.2-1
2023-01-18 05:05:15 status unpacked libpython3.9-minimal:amd64 3.9.2-1
2023-01-18 05:05:15 install python3.9-minimal:amd64 <none> 3.9.2-1
2023-01-18 05:05:15 status half-installed python3.9-minimal:amd64 3.9.2-1
2023-01-18 05:05:15 status unpacked python3.9-minimal:amd64 3.9.2-1
2023-01-18 05:05:15 startup packages configure
2023-01-18 05:05:15 configure libpython3.9-minimal:amd64 3.9.2-1 <none>
2023-01-18 05:05:15 status unpacked libpython3.9-minimal:amd64 3.9.2-1
2023-01-18 05:05:15 status half-configured libpython3.9-minimal:amd64 3.9.2-1
2023-01-18 05:05:15 status installed libpython3.9-minimal:amd64 3.9.2-1
2023-01-18 05:05:15 configure python3.9-minimal:amd64 3.9.2-1 <none>
2023-01-18 05:05:15 status unpacked python3.9-minimal:amd64 3.9.2-1
2023-01-18 05:05:15 status half-configured python3.9-minimal:amd64 3.9.2-1
2023-01-18 05:05:16 status installed python3.9-minimal:amd64 3.9.2-1
2023-01-18 05:05:16 startup archives unpack
2023-01-18 05:05:16 install python3-minimal:amd64 <none> 3.9.2-3
2023-01-18 05:05:16 status half-installed python3-minimal:amd64 3.9.2-3
2023-01-18 05:05:16 status unpacked python3-minimal:amd64 3.9.2-3
2023-01-18 05:05:16 install media-types:all <none> 4.0.0
2023-01-18 05:05:16 status half-installed media-types:all 4.0.0
2023-01-18 05:05:16 status unpacked media-types:all 4.0.0
2023-01-18 05:05:16 install libmpdec3:amd64 <none> 2.5.1-1
2023-01-18 05:05:16 status half-installed libmpdec3:amd64 2.5.1-1
2023-01-18 05:05:16 status unpacked libmpdec3:amd64 2.5.1-1
2023-01-18 05:05:16 install libncursesw6:amd64 <none> 6.2+20201114-2
2023-01-18 05:05:16 status half-installed libncursesw6:amd64 6.2+20201114-2
2023-01-18 05:05:16 status unpacked libncursesw6:amd64 6.2+20201114-2
2023-01-18 05:05:16 install readline-common:all <none> 8.1-1
2023-01-18 05:05:16 status half-installed readline-common:all 8.1-1
2023-01-18 05:05:16 status unpacked readline-common:all 8.1-1
2023-01-18 05:05:16 install libreadline8:amd64 <none> 8.1-1
2023-01-18 05:05:16 status half-installed libreadline8:amd64 8.1-1
2023-01-18 05:05:16 status unpacked libreadline8:amd64 8.1-1
2023-01-18 05:05:16 install libsqlite3-0:amd64 <none> 3.34.1-3
2023-01-18 05:05:16 status half-installed libsqlite3-0:amd64 3.34.1-3
2023-01-18 05:05:16 status unpacked libsqlite3-0:amd64 3.34.1-3
2023-01-18 05:05:16 install libpython3.9-stdlib:amd64 <none> 3.9.2-1
2023-01-18 05:05:16 status half-installed libpython3.9-stdlib:amd64 3.9.2-1
2023-01-18 05:05:16 status unpacked libpython3.9-stdlib:amd64 3.9.2-1
2023-01-18 05:05:16 install python3.9:amd64 <none> 3.9.2-1
2023-01-18 05:05:16 status half-installed python3.9:amd64 3.9.2-1
2023-01-18 05:05:16 status unpacked python3.9:amd64 3.9.2-1
2023-01-18 05:05:16 install libpython3-stdlib:amd64 <none> 3.9.2-3
2023-01-18 05:05:16 status half-installed libpython3-stdlib:amd64 3.9.2-3
2023-01-18 05:05:16 status unpacked libpython3-stdlib:amd64 3.9.2-3
2023-01-18 05:05:16 startup packages configure
2023-01-18 05:05:16 configure python3-minimal:amd64 3.9.2-3 <none>
2023-01-18 05:05:16 status unpacked python3-minimal:amd64 3.9.2-3
2023-01-18 05:05:16 status half-configured python3-minimal:amd64 3.9.2-3
2023-01-18 05:05:16 status installed python3-minimal:amd64 3.9.2-3
2023-01-18 05:05:16 startup archives unpack
2023-01-18 05:05:17 install python3:amd64 <none> 3.9.2-3
2023-01-18 05:05:17 status half-installed python3:amd64 3.9.2-3
2023-01-18 05:05:17 status unpacked python3:amd64 3.9.2-3
2023-01-18 05:05:17 install bzip2:amd64 <none> 1.0.8-4
2023-01-18 05:05:17 status half-installed bzip2:amd64 1.0.8-4
2023-01-18 05:05:17 status unpacked bzip2:amd64 1.0.8-4
2023-01-18 05:05:17 install libpsl5:amd64 <none> 0.21.0-1.2
2023-01-18 05:05:17 status half-installed libpsl5:amd64 0.21.0-1.2
2023-01-18 05:05:17 status unpacked libpsl5:amd64 0.21.0-1.2
2023-01-18 05:05:17 install wget:amd64 <none> 1.21-1+deb11u1
2023-01-18 05:05:17 status half-installed wget:amd64 1.21-1+deb11u1
2023-01-18 05:05:17 status unpacked wget:amd64 1.21-1+deb11u1
2023-01-18 05:05:17 install xz-utils:amd64 <none> 5.2.5-2.1~deb11u1
2023-01-18 05:05:17 status half-installed xz-utils:amd64 5.2.5-2.1~deb11u1
2023-01-18 05:05:17 status unpacked xz-utils:amd64 5.2.5-2.1~deb11u1
2023-01-18 05:05:17 install binutils-common:amd64 <none> 2.35.2-2
2023-01-18 05:05:17 status half-installed binutils-common:amd64 2.35.2-2
2023-01-18 05:05:17 status unpacked binutils-common:amd64 2.35.2-2
2023-01-18 05:05:17 install libbinutils:amd64 <none> 2.35.2-2
2023-01-18 05:05:17 status half-installed libbinutils:amd64 2.35.2-2
2023-01-18 05:05:17 status unpacked libbinutils:amd64 2.35.2-2
2023-01-18 05:05:17 install libctf-nobfd0:amd64 <none> 2.35.2-2
2023-01-18 05:05:17 status half-installed libctf-nobfd0:amd64 2.35.2-2
2023-01-18 05:05:17 status unpacked libctf-nobfd0:amd64 2.35.2-2
2023-01-18 05:05:17 install libctf0:amd64 <none> 2.35.2-2
2023-01-18 05:05:17 status half-installed libctf0:amd64 2.35.2-2
2023-01-18 05:05:17 status unpacked libctf0:amd64 2.35.2-2
2023-01-18 05:05:17 install binutils-x86-64-linux-gnu:amd64 <none> 2.35.2-2
2023-01-18 05:05:17 status half-installed binutils-x86-64-linux-gnu:amd64 2.35.2-2
2023-01-18 05:05:17 status unpacked binutils-x86-64-linux-gnu:amd64 2.35.2-2
2023-01-18 05:05:17 install binutils:amd64 <none> 2.35.2-2
2023-01-18 05:05:17 status half-installed binutils:amd64 2.35.2-2
2023-01-18 05:05:17 status unpacked binutils:amd64 2.35.2-2
2023-01-18 05:05:17 install libisl23:amd64 <none> 0.23-1
2023-01-18 05:05:17 status half-installed libisl23:amd64 0.23-1
2023-01-18 05:05:18 status unpacked libisl23:amd64 0.23-1
2023-01-18 05:05:18 install libmpfr6:amd64 <none> 4.1.0-3
2023-01-18 05:05:18 status half-installed libmpfr6:amd64 4.1.0-3
2023-01-18 05:05:18 status unpacked libmpfr6:amd64 4.1.0-3
2023-01-18 05:05:18 install libmpc3:amd64 <none> 1.2.0-1
2023-01-18 05:05:18 status half-installed libmpc3:amd64 1.2.0-1
2023-01-18 05:05:18 status unpacked libmpc3:amd64 1.2.0-1
2023-01-18 05:05:18 install cpp-10:amd64 <none> 10.2.1-6
2023-01-18 05:05:18 status half-installed cpp-10:amd64 10.2.1-6
2023-01-18 05:05:18 status unpacked cpp-10:amd64 10.2.1-6
2023-01-18 05:05:19 install cpp:amd64 <none> 4:10.2.1-1
2023-01-18 05:05:19 status half-installed cpp:amd64 4:10.2.1-1
2023-01-18 05:05:19 status unpacked cpp:amd64 4:10.2.1-1
2023-01-18 05:05:19 install libassuan0:amd64 <none> 2.5.3-7.1
2023-01-18 05:05:19 status half-installed libassuan0:amd64 2.5.3-7.1
2023-01-18 05:05:19 status unpacked libassuan0:amd64 2.5.3-7.1
2023-01-18 05:05:19 install gpgconf:amd64 <none> 2.2.27-2+deb11u2
2023-01-18 05:05:19 status half-installed gpgconf:amd64 2.2.27-2+deb11u2
2023-01-18 05:05:19 status unpacked gpgconf:amd64 2.2.27-2+deb11u2
2023-01-18 05:05:19 install libksba8:amd64 <none> 1.5.0-3+deb11u2
2023-01-18 05:05:19 status half-installed libksba8:amd64 1.5.0-3+deb11u2
2023-01-18 05:05:19 status unpacked libksba8:amd64 1.5.0-3+deb11u2
2023-01-18 05:05:19 install libnpth0:amd64 <none> 1.6-3
2023-01-18 05:05:19 status half-installed libnpth0:amd64 1.6-3
2023-01-18 05:05:19 status unpacked libnpth0:amd64 1.6-3
2023-01-18 05:05:19 install dirmngr:amd64 <none> 2.2.27-2+deb11u2
2023-01-18 05:05:19 status half-installed dirmngr:amd64 2.2.27-2+deb11u2
2023-01-18 05:05:19 status unpacked dirmngr:amd64 2.2.27-2+deb11u2
2023-01-18 05:05:19 install libdpkg-perl:all <none> 1.20.12
2023-01-18 05:05:19 status half-installed libdpkg-perl:all 1.20.12
2023-01-18 05:05:19 status unpacked libdpkg-perl:all 1.20.12
2023-01-18 05:05:19 install patch:amd64 <none> 2.7.6-7
2023-01-18 05:05:19 status half-installed patch:amd64 2.7.6-7
2023-01-18 05:05:19 status unpacked patch:amd64 2.7.6-7
2023-01-18 05:05:19 install make:amd64 <none> 4.3-4.1
2023-01-18 05:05:19 status half-installed make:amd64 4.3-4.1
2023-01-18 05:05:19 status unpacked make:amd64 4.3-4.1
2023-01-18 05:05:19 install dpkg-dev:all <none> 1.20.12
2023-01-18 05:05:19 status half-installed dpkg-dev:all 1.20.12
2023-01-18 05:05:19 status unpacked dpkg-dev:all 1.20.12
2023-01-18 05:05:19 install libcc1-0:amd64 <none> 10.2.1-6
2023-01-18 05:05:19 status half-installed libcc1-0:amd64 10.2.1-6
2023-01-18 05:05:19 status unpacked libcc1-0:amd64 10.2.1-6
2023-01-18 05:05:19 install libgomp1:amd64 <none> 10.2.1-6
2023-01-18 05:05:19 status half-installed libgomp1:amd64 10.2.1-6
2023-01-18 05:05:19 status unpacked libgomp1:amd64 10.2.1-6
2023-01-18 05:05:19 install libitm1:amd64 <none> 10.2.1-6
2023-01-18 05:05:19 status half-installed libitm1:amd64 10.2.1-6
2023-01-18 05:05:19 status unpacked libitm1:amd64 10.2.1-6
2023-01-18 05:05:19 install libatomic1:amd64 <none> 10.2.1-6
2023-01-18 05:05:19 status half-installed libatomic1:amd64 10.2.1-6
2023-01-18 05:05:19 status unpacked libatomic1:amd64 10.2.1-6
2023-01-18 05:05:19 install libasan6:amd64 <none> 10.2.1-6
2023-01-18 05:05:19 status half-installed libasan6:amd64 10.2.1-6
2023-01-18 05:05:20 status unpacked libasan6:amd64 10.2.1-6
2023-01-18 05:05:20 install liblsan0:amd64 <none> 10.2.1-6
2023-01-18 05:05:20 status half-installed liblsan0:amd64 10.2.1-6
2023-01-18 05:05:20 status unpacked liblsan0:amd64 10.2.1-6
2023-01-18 05:05:20 install libtsan0:amd64 <none> 10.2.1-6
2023-01-18 05:05:20 status half-installed libtsan0:amd64 10.2.1-6
2023-01-18 05:05:20 status unpacked libtsan0:amd64 10.2.1-6
2023-01-18 05:05:20 install libubsan1:amd64 <none> 10.2.1-6
2023-01-18 05:05:20 status half-installed libubsan1:amd64 10.2.1-6
2023-01-18 05:05:20 status unpacked libubsan1:amd64 10.2.1-6
2023-01-18 05:05:20 install libquadmath0:amd64 <none> 10.2.1-6
2023-01-18 05:05:20 status half-installed libquadmath0:amd64 10.2.1-6
2023-01-18 05:05:20 status unpacked libquadmath0:amd64 10.2.1-6
2023-01-18 05:05:20 install libgcc-10-dev:amd64 <none> 10.2.1-6
2023-01-18 05:05:20 status half-installed libgcc-10-dev:amd64 10.2.1-6
2023-01-18 05:05:20 status unpacked libgcc-10-dev:amd64 10.2.1-6
2023-01-18 05:05:20 install gcc-10:amd64 <none> 10.2.1-6
2023-01-18 05:05:20 status half-installed gcc-10:amd64 10.2.1-6
2023-01-18 05:05:22 status unpacked gcc-10:amd64 10.2.1-6
2023-01-18 05:05:22 install gcc:amd64 <none> 4:10.2.1-1
2023-01-18 05:05:22 status half-installed gcc:amd64 4:10.2.1-1
2023-01-18 05:05:22 status unpacked gcc:amd64 4:10.2.1-1
2023-01-18 05:05:22 install gnupg-l10n:all <none> 2.2.27-2+deb11u2
2023-01-18 05:05:22 status half-installed gnupg-l10n:all 2.2.27-2+deb11u2
2023-01-18 05:05:22 status unpacked gnupg-l10n:all 2.2.27-2+deb11u2
2023-01-18 05:05:22 install gnupg-utils:amd64 <none> 2.2.27-2+deb11u2
2023-01-18 05:05:22 status half-installed gnupg-utils:amd64 2.2.27-2+deb11u2
2023-01-18 05:05:22 status unpacked gnupg-utils:amd64 2.2.27-2+deb11u2
2023-01-18 05:05:22 install gpg:amd64 <none> 2.2.27-2+deb11u2
2023-01-18 05:05:22 status half-installed gpg:amd64 2.2.27-2+deb11u2
2023-01-18 05:05:22 status unpacked gpg:amd64 2.2.27-2+deb11u2
2023-01-18 05:05:22 install pinentry-curses:amd64 <none> 1.1.0-4
2023-01-18 05:05:22 status half-installed pinentry-curses:amd64 1.1.0-4
2023-01-18 05:05:22 status unpacked pinentry-curses:amd64 1.1.0-4
2023-01-18 05:05:22 install gpg-agent:amd64 <none> 2.2.27-2+deb11u2
2023-01-18 05:05:22 status half-installed gpg-agent:amd64 2.2.27-2+deb11u2
2023-01-18 05:05:22 status unpacked gpg-agent:amd64 2.2.27-2+deb11u2
2023-01-18 05:05:22 install gpg-wks-client:amd64 <none> 2.2.27-2+deb11u2
2023-01-18 05:05:22 status half-installed gpg-wks-client:amd64 2.2.27-2+deb11u2
2023-01-18 05:05:22 status unpacked gpg-wks-client:amd64 2.2.27-2+deb11u2
2023-01-18 05:05:22 install gpg-wks-server:amd64 <none> 2.2.27-2+deb11u2
2023-01-18 05:05:22 status half-installed gpg-wks-server:amd64 2.2.27-2+deb11u2
2023-01-18 05:05:22 status unpacked gpg-wks-server:amd64 2.2.27-2+deb11u2
2023-01-18 05:05:22 install gpgsm:amd64 <none> 2.2.27-2+deb11u2
2023-01-18 05:05:22 status half-installed gpgsm:amd64 2.2.27-2+deb11u2
2023-01-18 05:05:22 status unpacked gpgsm:amd64 2.2.27-2+deb11u2
2023-01-18 05:05:22 install gnupg:all <none> 2.2.27-2+deb11u2
2023-01-18 05:05:22 status half-installed gnupg:all 2.2.27-2+deb11u2
2023-01-18 05:05:22 status unpacked gnupg:all 2.2.27-2+deb11u2
2023-01-18 05:05:22 install libicu67:amd64 <none> 67.1-7
2023-01-18 05:05:22 status half-installed libicu67:amd64 67.1-7
2023-01-18 05:05:23 status unpacked libicu67:amd64 67.1-7
2023-01-18 05:05:23 install icu-devtools:amd64 <none> 67.1-7
2023-01-18 05:05:23 status half-installed icu-devtools:amd64 67.1-7
2023-01-18 05:05:23 status unpacked icu-devtools:amd64 67.1-7
2023-01-18 05:05:23 install libc-dev-bin:amd64 <none> 2.31-13+deb11u5
2023-01-18 05:05:23 status half-installed libc-dev-bin:amd64 2.31-13+deb11u5
2023-01-18 05:05:23 status unpacked libc-dev-bin:amd64 2.31-13+deb11u5
2023-01-18 05:05:23 install linux-libc-dev:amd64 <none> 5.10.158-2
2023-01-18 05:05:23 status half-installed linux-libc-dev:amd64 5.10.158-2
2023-01-18 05:05:23 status unpacked linux-libc-dev:amd64 5.10.158-2
2023-01-18 05:05:23 install libcrypt-dev:amd64 <none> 1:4.4.18-4
2023-01-18 05:05:23 status half-installed libcrypt-dev:amd64 1:4.4.18-4
2023-01-18 05:05:23 status unpacked libcrypt-dev:amd64 1:4.4.18-4
2023-01-18 05:05:23 install libtirpc-dev:amd64 <none> 1.3.1-1+deb11u1
2023-01-18 05:05:23 status half-installed libtirpc-dev:amd64 1.3.1-1+deb11u1
2023-01-18 05:05:23 status unpacked libtirpc-dev:amd64 1.3.1-1+deb11u1
2023-01-18 05:05:23 install libnsl-dev:amd64 <none> 1.3.0-2
2023-01-18 05:05:23 status half-installed libnsl-dev:amd64 1.3.0-2
2023-01-18 05:05:24 status unpacked libnsl-dev:amd64 1.3.0-2
2023-01-18 05:05:24 install libc6-dev:amd64 <none> 2.31-13+deb11u5
2023-01-18 05:05:24 status half-installed libc6-dev:amd64 2.31-13+deb11u5
2023-01-18 05:05:24 status unpacked libc6-dev:amd64 2.31-13+deb11u5
2023-01-18 05:05:24 install uuid-dev:amd64 <none> 2.36.1-8+deb11u1
2023-01-18 05:05:24 status half-installed uuid-dev:amd64 2.36.1-8+deb11u1
2023-01-18 05:05:24 status unpacked uuid-dev:amd64 2.36.1-8+deb11u1
2023-01-18 05:05:24 install libsctp1:amd64 <none> 1.0.18+dfsg-1
2023-01-18 05:05:24 status half-installed libsctp1:amd64 1.0.18+dfsg-1
2023-01-18 05:05:24 status unpacked libsctp1:amd64 1.0.18+dfsg-1
2023-01-18 05:05:24 install libsctp-dev:amd64 <none> 1.0.18+dfsg-1
2023-01-18 05:05:24 status half-installed libsctp-dev:amd64 1.0.18+dfsg-1
2023-01-18 05:05:24 status unpacked libsctp-dev:amd64 1.0.18+dfsg-1
2023-01-18 05:05:24 install libapr1-dev:amd64 <none> 1.7.0-6+deb11u1
2023-01-18 05:05:24 status half-installed libapr1-dev:amd64 1.7.0-6+deb11u1
2023-01-18 05:05:24 status unpacked libapr1-dev:amd64 1.7.0-6+deb11u1
2023-01-18 05:05:24 install libldap2-dev:amd64 <none> 2.4.57+dfsg-3+deb11u1
2023-01-18 05:05:24 status half-installed libldap2-dev:amd64 2.4.57+dfsg-3+deb11u1
2023-01-18 05:05:24 status unpacked libldap2-dev:amd64 2.4.57+dfsg-3+deb11u1
2023-01-18 05:05:24 install libexpat1-dev:amd64 <none> 2.2.10-2+deb11u5
2023-01-18 05:05:24 status half-installed libexpat1-dev:amd64 2.2.10-2+deb11u5
2023-01-18 05:05:24 status unpacked libexpat1-dev:amd64 2.2.10-2+deb11u5
2023-01-18 05:05:24 install libaprutil1-dev:amd64 <none> 1.6.1-5
2023-01-18 05:05:24 status half-installed libaprutil1-dev:amd64 1.6.1-5
2023-01-18 05:05:24 status unpacked libaprutil1-dev:amd64 1.6.1-5
2023-01-18 05:05:24 install libbrotli1:amd64 <none> 1.0.9-2+b2
2023-01-18 05:05:24 status half-installed libbrotli1:amd64 1.0.9-2+b2
2023-01-18 05:05:24 status unpacked libbrotli1:amd64 1.0.9-2+b2
2023-01-18 05:05:24 install libbrotli-dev:amd64 <none> 1.0.9-2+b2
2023-01-18 05:05:24 status half-installed libbrotli-dev:amd64 1.0.9-2+b2
2023-01-18 05:05:24 status unpacked libbrotli-dev:amd64 1.0.9-2+b2
2023-01-18 05:05:24 install libnghttp2-14:amd64 <none> 1.43.0-1
2023-01-18 05:05:24 status half-installed libnghttp2-14:amd64 1.43.0-1
2023-01-18 05:05:24 status unpacked libnghttp2-14:amd64 1.43.0-1
2023-01-18 05:05:24 install librtmp1:amd64 <none> 2.4+20151223.gitfa8646d.1-2+b2
2023-01-18 05:05:24 status half-installed librtmp1:amd64 2.4+20151223.gitfa8646d.1-2+b2
2023-01-18 05:05:24 status unpacked librtmp1:amd64 2.4+20151223.gitfa8646d.1-2+b2
2023-01-18 05:05:24 install libssh2-1:amd64 <none> 1.9.0-2
2023-01-18 05:05:24 status half-installed libssh2-1:amd64 1.9.0-2
2023-01-18 05:05:24 status unpacked libssh2-1:amd64 1.9.0-2
2023-01-18 05:05:25 install libcurl4:amd64 <none> 7.74.0-1.3+deb11u3
2023-01-18 05:05:25 status half-installed libcurl4:amd64 7.74.0-1.3+deb11u3
2023-01-18 05:05:25 status unpacked libcurl4:amd64 7.74.0-1.3+deb11u3
2023-01-18 05:05:25 install libcurl4-openssl-dev:amd64 <none> 7.74.0-1.3+deb11u3
2023-01-18 05:05:25 status half-installed libcurl4-openssl-dev:amd64 7.74.0-1.3+deb11u3
2023-01-18 05:05:25 status unpacked libcurl4-openssl-dev:amd64 7.74.0-1.3+deb11u3
2023-01-18 05:05:25 install libglib2.0-0:amd64 <none> 2.66.8-1
2023-01-18 05:05:25 status half-installed libglib2.0-0:amd64 2.66.8-1
2023-01-18 05:05:25 status unpacked libglib2.0-0:amd64 2.66.8-1
2023-01-18 05:05:25 install libicu-dev:amd64 <none> 67.1-7
2023-01-18 05:05:25 status half-installed libicu-dev:amd64 67.1-7
2023-01-18 05:05:26 status unpacked libicu-dev:amd64 67.1-7
2023-01-18 05:05:26 install libjansson4:amd64 <none> 2.13.1-1.1
2023-01-18 05:05:26 status half-installed libjansson4:amd64 2.13.1-1.1
2023-01-18 05:05:26 status unpacked libjansson4:amd64 2.13.1-1.1
2023-01-18 05:05:26 install libjansson-dev:amd64 <none> 2.13.1-1.1
2023-01-18 05:05:26 status half-installed libjansson-dev:amd64 2.13.1-1.1
2023-01-18 05:05:26 status unpacked libjansson-dev:amd64 2.13.1-1.1
2023-01-18 05:05:26 install liblua5.2-0:amd64 <none> 5.2.4-1.1+b3
2023-01-18 05:05:26 status half-installed liblua5.2-0:amd64 5.2.4-1.1+b3
2023-01-18 05:05:26 status unpacked liblua5.2-0:amd64 5.2.4-1.1+b3
2023-01-18 05:05:26 install libncurses6:amd64 <none> 6.2+20201114-2
2023-01-18 05:05:26 status half-installed libncurses6:amd64 6.2+20201114-2
2023-01-18 05:05:26 status unpacked libncurses6:amd64 6.2+20201114-2
2023-01-18 05:05:26 install libncurses-dev:amd64 <none> 6.2+20201114-2
2023-01-18 05:05:26 status half-installed libncurses-dev:amd64 6.2+20201114-2
2023-01-18 05:05:26 status unpacked libncurses-dev:amd64 6.2+20201114-2
2023-01-18 05:05:26 install libreadline-dev:amd64 <none> 8.1-1
2023-01-18 05:05:26 status half-installed libreadline-dev:amd64 8.1-1
2023-01-18 05:05:26 status unpacked libreadline-dev:amd64 8.1-1
2023-01-18 05:05:26 install liblua5.2-dev:amd64 <none> 5.2.4-1.1+b3
2023-01-18 05:05:26 status half-installed liblua5.2-dev:amd64 5.2.4-1.1+b3
2023-01-18 05:05:26 status unpacked liblua5.2-dev:amd64 5.2.4-1.1+b3
2023-01-18 05:05:26 install pkg-config:amd64 <none> 0.29.2-1
2023-01-18 05:05:26 status half-installed pkg-config:amd64 0.29.2-1
2023-01-18 05:05:26 status unpacked pkg-config:amd64 0.29.2-1
2023-01-18 05:05:26 install libnghttp2-dev:amd64 <none> 1.43.0-1
2023-01-18 05:05:26 status half-installed libnghttp2-dev:amd64 1.43.0-1
2023-01-18 05:05:26 status unpacked libnghttp2-dev:amd64 1.43.0-1
2023-01-18 05:05:26 install libpcre16-3:amd64 <none> 2:8.39-13
2023-01-18 05:05:26 status half-installed libpcre16-3:amd64 2:8.39-13
2023-01-18 05:05:26 status unpacked libpcre16-3:amd64 2:8.39-13
2023-01-18 05:05:26 install libpcre32-3:amd64 <none> 2:8.39-13
2023-01-18 05:05:26 status half-installed libpcre32-3:amd64 2:8.39-13
2023-01-18 05:05:26 status unpacked libpcre32-3:amd64 2:8.39-13
2023-01-18 05:05:26 install libpcrecpp0v5:amd64 <none> 2:8.39-13
2023-01-18 05:05:26 status half-installed libpcrecpp0v5:amd64 2:8.39-13
2023-01-18 05:05:26 status unpacked libpcrecpp0v5:amd64 2:8.39-13
2023-01-18 05:05:26 install libpcre3-dev:amd64 <none> 2:8.39-13
2023-01-18 05:05:26 status half-installed libpcre3-dev:amd64 2:8.39-13
2023-01-18 05:05:26 status unpacked libpcre3-dev:amd64 2:8.39-13
2023-01-18 05:05:26 install libssl-dev:amd64 <none> 1.1.1n-0+deb11u3
2023-01-18 05:05:26 status half-installed libssl-dev:amd64 1.1.1n-0+deb11u3
2023-01-18 05:05:27 status unpacked libssl-dev:amd64 1.1.1n-0+deb11u3
2023-01-18 05:05:27 install libxml2:amd64 <none> 2.9.10+dfsg-6.7+deb11u3
2023-01-18 05:05:27 status half-installed libxml2:amd64 2.9.10+dfsg-6.7+deb11u3
2023-01-18 05:05:27 status unpacked libxml2:amd64 2.9.10+dfsg-6.7+deb11u3
2023-01-18 05:05:27 install libxml2-dev:amd64 <none> 2.9.10+dfsg-6.7+deb11u3
2023-01-18 05:05:27 status half-installed libxml2-dev:amd64 2.9.10+dfsg-6.7+deb11u3
2023-01-18 05:05:27 status unpacked libxml2-dev:amd64 2.9.10+dfsg-6.7+deb11u3
2023-01-18 05:05:27 install zlib1g-dev:amd64 <none> 1:1.2.11.dfsg-2+deb11u2
2023-01-18 05:05:27 status half-installed zlib1g-dev:amd64 1:1.2.11.dfsg-2+deb11u2
2023-01-18 05:05:27 status unpacked zlib1g-dev:amd64 1:1.2.11.dfsg-2+deb11u2
2023-01-18 05:05:27 startup packages configure
2023-01-18 05:05:27 configure libksba8:amd64 1.5.0-3+deb11u2 <none>
2023-01-18 05:05:27 status unpacked libksba8:amd64 1.5.0-3+deb11u2
2023-01-18 05:05:27 status half-configured libksba8:amd64 1.5.0-3+deb11u2
2023-01-18 05:05:27 status installed libksba8:amd64 1.5.0-3+deb11u2
2023-01-18 05:05:27 configure media-types:all 4.0.0 <none>
2023-01-18 05:05:27 status unpacked media-types:all 4.0.0
2023-01-18 05:05:27 status half-configured media-types:all 4.0.0
2023-01-18 05:05:27 status installed media-types:all 4.0.0
2023-01-18 05:05:27 configure libpcrecpp0v5:amd64 2:8.39-13 <none>
2023-01-18 05:05:27 status unpacked libpcrecpp0v5:amd64 2:8.39-13
2023-01-18 05:05:27 status half-configured libpcrecpp0v5:amd64 2:8.39-13
2023-01-18 05:05:27 status installed libpcrecpp0v5:amd64 2:8.39-13
2023-01-18 05:05:27 configure libpsl5:amd64 0.21.0-1.2 <none>
2023-01-18 05:05:27 status unpacked libpsl5:amd64 0.21.0-1.2
2023-01-18 05:05:27 status half-configured libpsl5:amd64 0.21.0-1.2
2023-01-18 05:05:27 status installed libpsl5:amd64 0.21.0-1.2
2023-01-18 05:05:27 configure wget:amd64 1.21-1+deb11u1 <none>
2023-01-18 05:05:27 status unpacked wget:amd64 1.21-1+deb11u1
2023-01-18 05:05:27 status half-configured wget:amd64 1.21-1+deb11u1
2023-01-18 05:05:27 status installed wget:amd64 1.21-1+deb11u1
2023-01-18 05:05:27 configure libpcre16-3:amd64 2:8.39-13 <none>
2023-01-18 05:05:27 status unpacked libpcre16-3:amd64 2:8.39-13
2023-01-18 05:05:27 status half-configured libpcre16-3:amd64 2:8.39-13
2023-01-18 05:05:27 status installed libpcre16-3:amd64 2:8.39-13
2023-01-18 05:05:27 configure libicu67:amd64 67.1-7 <none>
2023-01-18 05:05:27 status unpacked libicu67:amd64 67.1-7
2023-01-18 05:05:27 status half-configured libicu67:amd64 67.1-7
2023-01-18 05:05:27 status installed libicu67:amd64 67.1-7
2023-01-18 05:05:27 configure libglib2.0-0:amd64 2.66.8-1 <none>
2023-01-18 05:05:27 status unpacked libglib2.0-0:amd64 2.66.8-1
2023-01-18 05:05:27 status half-configured libglib2.0-0:amd64 2.66.8-1
2023-01-18 05:05:27 status installed libglib2.0-0:amd64 2.66.8-1
2023-01-18 05:05:27 configure perl-modules-5.32:all 5.32.1-4+deb11u2 <none>
2023-01-18 05:05:27 status unpacked perl-modules-5.32:all 5.32.1-4+deb11u2
2023-01-18 05:05:27 status half-configured perl-modules-5.32:all 5.32.1-4+deb11u2
2023-01-18 05:05:27 status installed perl-modules-5.32:all 5.32.1-4+deb11u2
2023-01-18 05:05:27 configure libbrotli1:amd64 1.0.9-2+b2 <none>
2023-01-18 05:05:27 status unpacked libbrotli1:amd64 1.0.9-2+b2
2023-01-18 05:05:27 status half-configured libbrotli1:amd64 1.0.9-2+b2
2023-01-18 05:05:27 status installed libbrotli1:amd64 1.0.9-2+b2
2023-01-18 05:05:27 configure libsqlite3-0:amd64 3.34.1-3 <none>
2023-01-18 05:05:27 status unpacked libsqlite3-0:amd64 3.34.1-3
2023-01-18 05:05:27 status half-configured libsqlite3-0:amd64 3.34.1-3
2023-01-18 05:05:27 status installed libsqlite3-0:amd64 3.34.1-3
2023-01-18 05:05:27 configure binutils-common:amd64 2.35.2-2 <none>
2023-01-18 05:05:27 status unpacked binutils-common:amd64 2.35.2-2
2023-01-18 05:05:27 status half-configured binutils-common:amd64 2.35.2-2
2023-01-18 05:05:27 status installed binutils-common:amd64 2.35.2-2
2023-01-18 05:05:27 configure libnghttp2-14:amd64 1.43.0-1 <none>
2023-01-18 05:05:27 status unpacked libnghttp2-14:amd64 1.43.0-1
2023-01-18 05:05:27 status half-configured libnghttp2-14:amd64 1.43.0-1
2023-01-18 05:05:27 status installed libnghttp2-14:amd64 1.43.0-1
2023-01-18 05:05:27 configure linux-libc-dev:amd64 5.10.158-2 <none>
2023-01-18 05:05:27 status unpacked linux-libc-dev:amd64 5.10.158-2
2023-01-18 05:05:27 status half-configured linux-libc-dev:amd64 5.10.158-2
2023-01-18 05:05:27 status installed linux-libc-dev:amd64 5.10.158-2
2023-01-18 05:05:27 configure libctf-nobfd0:amd64 2.35.2-2 <none>
2023-01-18 05:05:27 status unpacked libctf-nobfd0:amd64 2.35.2-2
2023-01-18 05:05:27 status half-configured libctf-nobfd0:amd64 2.35.2-2
2023-01-18 05:05:27 status installed libctf-nobfd0:amd64 2.35.2-2
2023-01-18 05:05:27 configure libnpth0:amd64 1.6-3 <none>
2023-01-18 05:05:27 status unpacked libnpth0:amd64 1.6-3
2023-01-18 05:05:27 status half-configured libnpth0:amd64 1.6-3
2023-01-18 05:05:27 status installed libnpth0:amd64 1.6-3
2023-01-18 05:05:27 configure libassuan0:amd64 2.5.3-7.1 <none>
2023-01-18 05:05:27 status unpacked libassuan0:amd64 2.5.3-7.1
2023-01-18 05:05:27 status half-configured libassuan0:amd64 2.5.3-7.1
2023-01-18 05:05:27 status installed libassuan0:amd64 2.5.3-7.1
2023-01-18 05:05:27 configure libgomp1:amd64 10.2.1-6 <none>
2023-01-18 05:05:27 status unpacked libgomp1:amd64 10.2.1-6
2023-01-18 05:05:27 status half-configured libgomp1:amd64 10.2.1-6
2023-01-18 05:05:27 status installed libgomp1:amd64 10.2.1-6
2023-01-18 05:05:27 configure bzip2:amd64 1.0.8-4 <none>
2023-01-18 05:05:27 status unpacked bzip2:amd64 1.0.8-4
2023-01-18 05:05:27 status half-configured bzip2:amd64 1.0.8-4
2023-01-18 05:05:27 status installed bzip2:amd64 1.0.8-4
2023-01-18 05:05:27 configure libasan6:amd64 10.2.1-6 <none>
2023-01-18 05:05:27 status unpacked libasan6:amd64 10.2.1-6
2023-01-18 05:05:27 status half-configured libasan6:amd64 10.2.1-6
2023-01-18 05:05:27 status installed libasan6:amd64 10.2.1-6
2023-01-18 05:05:27 configure libjansson4:amd64 2.13.1-1.1 <none>
2023-01-18 05:05:27 status unpacked libjansson4:amd64 2.13.1-1.1
2023-01-18 05:05:27 status half-configured libjansson4:amd64 2.13.1-1.1
2023-01-18 05:05:27 status installed libjansson4:amd64 2.13.1-1.1
2023-01-18 05:05:27 configure libldap2-dev:amd64 2.4.57+dfsg-3+deb11u1 <none>
2023-01-18 05:05:27 status unpacked libldap2-dev:amd64 2.4.57+dfsg-3+deb11u1
2023-01-18 05:05:27 status half-configured libldap2-dev:amd64 2.4.57+dfsg-3+deb11u1
2023-01-18 05:05:27 status installed libldap2-dev:amd64 2.4.57+dfsg-3+deb11u1
2023-01-18 05:05:27 configure libtirpc-dev:amd64 1.3.1-1+deb11u1 <none>
2023-01-18 05:05:27 status unpacked libtirpc-dev:amd64 1.3.1-1+deb11u1
2023-01-18 05:05:27 status half-configured libtirpc-dev:amd64 1.3.1-1+deb11u1
2023-01-18 05:05:27 status installed libtirpc-dev:amd64 1.3.1-1+deb11u1
2023-01-18 05:05:27 configure make:amd64 4.3-4.1 <none>
2023-01-18 05:05:27 status unpacked make:amd64 4.3-4.1
2023-01-18 05:05:27 status half-configured make:amd64 4.3-4.1
2023-01-18 05:05:27 status installed make:amd64 4.3-4.1
2023-01-18 05:05:27 configure libmpfr6:amd64 4.1.0-3 <none>
2023-01-18 05:05:27 status unpacked libmpfr6:amd64 4.1.0-3
2023-01-18 05:05:27 status half-configured libmpfr6:amd64 4.1.0-3
2023-01-18 05:05:27 status installed libmpfr6:amd64 4.1.0-3
2023-01-18 05:05:27 configure gnupg-l10n:all 2.2.27-2+deb11u2 <none>
2023-01-18 05:05:27 status unpacked gnupg-l10n:all 2.2.27-2+deb11u2
2023-01-18 05:05:27 status half-configured gnupg-l10n:all 2.2.27-2+deb11u2
2023-01-18 05:05:27 status installed gnupg-l10n:all 2.2.27-2+deb11u2
2023-01-18 05:05:27 configure librtmp1:amd64 2.4+20151223.gitfa8646d.1-2+b2 <none>
2023-01-18 05:05:27 status unpacked librtmp1:amd64 2.4+20151223.gitfa8646d.1-2+b2
2023-01-18 05:05:27 status half-configured librtmp1:amd64 2.4+20151223.gitfa8646d.1-2+b2
2023-01-18 05:05:27 status installed librtmp1:amd64 2.4+20151223.gitfa8646d.1-2+b2
2023-01-18 05:05:27 configure libncurses6:amd64 6.2+20201114-2 <none>
2023-01-18 05:05:27 status unpacked libncurses6:amd64 6.2+20201114-2
2023-01-18 05:05:27 status half-configured libncurses6:amd64 6.2+20201114-2
2023-01-18 05:05:27 status installed libncurses6:amd64 6.2+20201114-2
2023-01-18 05:05:27 configure xz-utils:amd64 5.2.5-2.1~deb11u1 <none>
2023-01-18 05:05:27 status unpacked xz-utils:amd64 5.2.5-2.1~deb11u1
2023-01-18 05:05:27 status half-configured xz-utils:amd64 5.2.5-2.1~deb11u1
2023-01-18 05:05:27 status installed xz-utils:amd64 5.2.5-2.1~deb11u1
2023-01-18 05:05:27 configure libquadmath0:amd64 10.2.1-6 <none>
2023-01-18 05:05:27 status unpacked libquadmath0:amd64 10.2.1-6
2023-01-18 05:05:27 status half-configured libquadmath0:amd64 10.2.1-6
2023-01-18 05:05:27 status installed libquadmath0:amd64 10.2.1-6
2023-01-18 05:05:27 configure libssl-dev:amd64 1.1.1n-0+deb11u3 <none>
2023-01-18 05:05:27 status unpacked libssl-dev:amd64 1.1.1n-0+deb11u3
2023-01-18 05:05:27 status half-configured libssl-dev:amd64 1.1.1n-0+deb11u3
2023-01-18 05:05:27 status installed libssl-dev:amd64 1.1.1n-0+deb11u3
2023-01-18 05:05:27 configure libpcre32-3:amd64 2:8.39-13 <none>
2023-01-18 05:05:27 status unpacked libpcre32-3:amd64 2:8.39-13
2023-01-18 05:05:27 status half-configured libpcre32-3:amd64 2:8.39-13
2023-01-18 05:05:27 status installed libpcre32-3:amd64 2:8.39-13
2023-01-18 05:05:27 configure libmpc3:amd64 1.2.0-1 <none>
2023-01-18 05:05:27 status unpacked libmpc3:amd64 1.2.0-1
2023-01-18 05:05:27 status half-configured libmpc3:amd64 1.2.0-1
2023-01-18 05:05:27 status installed libmpc3:amd64 1.2.0-1
2023-01-18 05:05:27 configure libatomic1:amd64 10.2.1-6 <none>
2023-01-18 05:05:27 status unpacked libatomic1:amd64 10.2.1-6
2023-01-18 05:05:27 status half-configured libatomic1:amd64 10.2.1-6
2023-01-18 05:05:27 status installed libatomic1:amd64 10.2.1-6
2023-01-18 05:05:27 configure patch:amd64 2.7.6-7 <none>
2023-01-18 05:05:27 status unpacked patch:amd64 2.7.6-7
2023-01-18 05:05:27 status half-configured patch:amd64 2.7.6-7
2023-01-18 05:05:27 status installed patch:amd64 2.7.6-7
2023-01-18 05:05:27 configure icu-devtools:amd64 67.1-7 <none>
2023-01-18 05:05:27 status unpacked icu-devtools:amd64 67.1-7
2023-01-18 05:05:27 status half-configured icu-devtools:amd64 67.1-7
2023-01-18 05:05:27 status installed icu-devtools:amd64 67.1-7
2023-01-18 05:05:27 configure libgdbm-compat4:amd64 1.19-2 <none>
2023-01-18 05:05:27 status unpacked libgdbm-compat4:amd64 1.19-2
2023-01-18 05:05:27 status half-configured libgdbm-compat4:amd64 1.19-2
2023-01-18 05:05:27 status installed libgdbm-compat4:amd64 1.19-2
2023-01-18 05:05:27 configure libncursesw6:amd64 6.2+20201114-2 <none>
2023-01-18 05:05:27 status unpacked libncursesw6:amd64 6.2+20201114-2
2023-01-18 05:05:27 status half-configured libncursesw6:amd64 6.2+20201114-2
2023-01-18 05:05:27 status installed libncursesw6:amd64 6.2+20201114-2
2023-01-18 05:05:27 configure libperl5.32:amd64 5.32.1-4+deb11u2 <none>
2023-01-18 05:05:27 status unpacked libperl5.32:amd64 5.32.1-4+deb11u2
2023-01-18 05:05:27 status half-configured libperl5.32:amd64 5.32.1-4+deb11u2
2023-01-18 05:05:27 status installed libperl5.32:amd64 5.32.1-4+deb11u2
2023-01-18 05:05:27 configure libubsan1:amd64 10.2.1-6 <none>
2023-01-18 05:05:27 status unpacked libubsan1:amd64 10.2.1-6
2023-01-18 05:05:27 status half-configured libubsan1:amd64 10.2.1-6
2023-01-18 05:05:27 status installed libubsan1:amd64 10.2.1-6
2023-01-18 05:05:27 configure libsctp1:amd64 1.0.18+dfsg-1 <none>
2023-01-18 05:05:27 status unpacked libsctp1:amd64 1.0.18+dfsg-1
2023-01-18 05:05:27 status half-configured libsctp1:amd64 1.0.18+dfsg-1
2023-01-18 05:05:27 status installed libsctp1:amd64 1.0.18+dfsg-1
2023-01-18 05:05:27 configure liblua5.2-0:amd64 5.2.4-1.1+b3 <none>
2023-01-18 05:05:27 status unpacked liblua5.2-0:amd64 5.2.4-1.1+b3
2023-01-18 05:05:27 status half-configured liblua5.2-0:amd64 5.2.4-1.1+b3
2023-01-18 05:05:27 status installed liblua5.2-0:amd64 5.2.4-1.1+b3
2023-01-18 05:05:27 configure libnsl-dev:amd64 1.3.0-2 <none>
2023-01-18 05:05:27 status unpacked libnsl-dev:amd64 1.3.0-2
2023-01-18 05:05:27 status half-configured libnsl-dev:amd64 1.3.0-2
2023-01-18 05:05:27 status installed libnsl-dev:amd64 1.3.0-2
2023-01-18 05:05:27 configure libcrypt-dev:amd64 1:4.4.18-4 <none>
2023-01-18 05:05:27 status unpacked libcrypt-dev:amd64 1:4.4.18-4
2023-01-18 05:05:27 status half-configured libcrypt-dev:amd64 1:4.4.18-4
2023-01-18 05:05:27 status installed libcrypt-dev:amd64 1:4.4.18-4
2023-01-18 05:05:27 configure libmpdec3:amd64 2.5.1-1 <none>
2023-01-18 05:05:27 status unpacked libmpdec3:amd64 2.5.1-1
2023-01-18 05:05:27 status half-configured libmpdec3:amd64 2.5.1-1
2023-01-18 05:05:27 status installed libmpdec3:amd64 2.5.1-1
2023-01-18 05:05:27 configure libssh2-1:amd64 1.9.0-2 <none>
2023-01-18 05:05:27 status unpacked libssh2-1:amd64 1.9.0-2
2023-01-18 05:05:27 status half-configured libssh2-1:amd64 1.9.0-2
2023-01-18 05:05:27 status installed libssh2-1:amd64 1.9.0-2
2023-01-18 05:05:27 configure libbinutils:amd64 2.35.2-2 <none>
2023-01-18 05:05:27 status unpacked libbinutils:amd64 2.35.2-2
2023-01-18 05:05:27 status half-configured libbinutils:amd64 2.35.2-2
2023-01-18 05:05:27 status installed libbinutils:amd64 2.35.2-2
2023-01-18 05:05:27 configure libisl23:amd64 0.23-1 <none>
2023-01-18 05:05:27 status unpacked libisl23:amd64 0.23-1
2023-01-18 05:05:27 status half-configured libisl23:amd64 0.23-1
2023-01-18 05:05:27 status installed libisl23:amd64 0.23-1
2023-01-18 05:05:27 configure libc-dev-bin:amd64 2.31-13+deb11u5 <none>
2023-01-18 05:05:27 status unpacked libc-dev-bin:amd64 2.31-13+deb11u5
2023-01-18 05:05:27 status half-configured libc-dev-bin:amd64 2.31-13+deb11u5
2023-01-18 05:05:27 status installed libc-dev-bin:amd64 2.31-13+deb11u5
2023-01-18 05:05:27 configure readline-common:all 8.1-1 <none>
2023-01-18 05:05:27 status unpacked readline-common:all 8.1-1
2023-01-18 05:05:27 status half-configured readline-common:all 8.1-1
2023-01-18 05:05:27 status installed readline-common:all 8.1-1
2023-01-18 05:05:28 configure libxml2:amd64 2.9.10+dfsg-6.7+deb11u3 <none>
2023-01-18 05:05:28 status unpacked libxml2:amd64 2.9.10+dfsg-6.7+deb11u3
2023-01-18 05:05:28 status half-configured libxml2:amd64 2.9.10+dfsg-6.7+deb11u3
2023-01-18 05:05:28 status installed libxml2:amd64 2.9.10+dfsg-6.7+deb11u3
2023-01-18 05:05:28 configure libcc1-0:amd64 10.2.1-6 <none>
2023-01-18 05:05:28 status unpacked libcc1-0:amd64 10.2.1-6
2023-01-18 05:05:28 status half-configured libcc1-0:amd64 10.2.1-6
2023-01-18 05:05:28 status installed libcc1-0:amd64 10.2.1-6
2023-01-18 05:05:28 configure libjansson-dev:amd64 2.13.1-1.1 <none>
2023-01-18 05:05:28 status unpacked libjansson-dev:amd64 2.13.1-1.1
2023-01-18 05:05:28 status half-configured libjansson-dev:amd64 2.13.1-1.1
2023-01-18 05:05:28 status installed libjansson-dev:amd64 2.13.1-1.1
2023-01-18 05:05:28 configure libbrotli-dev:amd64 1.0.9-2+b2 <none>
2023-01-18 05:05:28 status unpacked libbrotli-dev:amd64 1.0.9-2+b2
2023-01-18 05:05:28 status half-configured libbrotli-dev:amd64 1.0.9-2+b2
2023-01-18 05:05:28 status installed libbrotli-dev:amd64 1.0.9-2+b2
2023-01-18 05:05:28 configure liblsan0:amd64 10.2.1-6 <none>
2023-01-18 05:05:28 status unpacked liblsan0:amd64 10.2.1-6
2023-01-18 05:05:28 status half-configured liblsan0:amd64 10.2.1-6
2023-01-18 05:05:28 status installed liblsan0:amd64 10.2.1-6
2023-01-18 05:05:28 configure cpp-10:amd64 10.2.1-6 <none>
2023-01-18 05:05:28 status unpacked cpp-10:amd64 10.2.1-6
2023-01-18 05:05:28 status half-configured cpp-10:amd64 10.2.1-6
2023-01-18 05:05:28 status installed cpp-10:amd64 10.2.1-6
2023-01-18 05:05:28 configure libitm1:amd64 10.2.1-6 <none>
2023-01-18 05:05:28 status unpacked libitm1:amd64 10.2.1-6
2023-01-18 05:05:28 status half-configured libitm1:amd64 10.2.1-6
2023-01-18 05:05:28 status installed libitm1:amd64 10.2.1-6
2023-01-18 05:05:28 configure libtsan0:amd64 10.2.1-6 <none>
2023-01-18 05:05:28 status unpacked libtsan0:amd64 10.2.1-6
2023-01-18 05:05:28 status half-configured libtsan0:amd64 10.2.1-6
2023-01-18 05:05:28 status installed libtsan0:amd64 10.2.1-6
2023-01-18 05:05:28 configure libctf0:amd64 2.35.2-2 <none>
2023-01-18 05:05:28 status unpacked libctf0:amd64 2.35.2-2
2023-01-18 05:05:28 status half-configured libctf0:amd64 2.35.2-2
2023-01-18 05:05:28 status installed libctf0:amd64 2.35.2-2
2023-01-18 05:05:28 configure pinentry-curses:amd64 1.1.0-4 <none>
2023-01-18 05:05:28 status unpacked pinentry-curses:amd64 1.1.0-4
2023-01-18 05:05:28 status half-configured pinentry-curses:amd64 1.1.0-4
2023-01-18 05:05:28 status installed pinentry-curses:amd64 1.1.0-4
2023-01-18 05:05:28 configure libgcc-10-dev:amd64 10.2.1-6 <none>
2023-01-18 05:05:28 status unpacked libgcc-10-dev:amd64 10.2.1-6
2023-01-18 05:05:28 status half-configured libgcc-10-dev:amd64 10.2.1-6
2023-01-18 05:05:28 status installed libgcc-10-dev:amd64 10.2.1-6
2023-01-18 05:05:28 configure libreadline8:amd64 8.1-1 <none>
2023-01-18 05:05:28 status unpacked libreadline8:amd64 8.1-1
2023-01-18 05:05:28 status half-configured libreadline8:amd64 8.1-1
2023-01-18 05:05:28 status installed libreadline8:amd64 8.1-1
2023-01-18 05:05:28 configure perl:amd64 5.32.1-4+deb11u2 <none>
2023-01-18 05:05:28 status unpacked perl:amd64 5.32.1-4+deb11u2
2023-01-18 05:05:28 status half-configured perl:amd64 5.32.1-4+deb11u2
2023-01-18 05:05:28 status installed perl:amd64 5.32.1-4+deb11u2
2023-01-18 05:05:28 configure libdpkg-perl:all 1.20.12 <none>
2023-01-18 05:05:28 status unpacked libdpkg-perl:all 1.20.12
2023-01-18 05:05:28 status half-configured libdpkg-perl:all 1.20.12
2023-01-18 05:05:28 status installed libdpkg-perl:all 1.20.12
2023-01-18 05:05:28 configure cpp:amd64 4:10.2.1-1 <none>
2023-01-18 05:05:28 status unpacked cpp:amd64 4:10.2.1-1
2023-01-18 05:05:28 status half-configured cpp:amd64 4:10.2.1-1
2023-01-18 05:05:28 status installed cpp:amd64 4:10.2.1-1
2023-01-18 05:05:28 configure gpgconf:amd64 2.2.27-2+deb11u2 <none>
2023-01-18 05:05:28 status unpacked gpgconf:amd64 2.2.27-2+deb11u2
2023-01-18 05:05:28 status half-configured gpgconf:amd64 2.2.27-2+deb11u2
2023-01-18 05:05:28 status installed gpgconf:amd64 2.2.27-2+deb11u2
2023-01-18 05:05:28 configure libcurl4:amd64 7.74.0-1.3+deb11u3 <none>
2023-01-18 05:05:28 status unpacked libcurl4:amd64 7.74.0-1.3+deb11u3
2023-01-18 05:05:28 status half-configured libcurl4:amd64 7.74.0-1.3+deb11u3
2023-01-18 05:05:28 status installed libcurl4:amd64 7.74.0-1.3+deb11u3
2023-01-18 05:05:28 configure libc6-dev:amd64 2.31-13+deb11u5 <none>
2023-01-18 05:05:28 status unpacked libc6-dev:amd64 2.31-13+deb11u5
2023-01-18 05:05:28 status half-configured libc6-dev:amd64 2.31-13+deb11u5
2023-01-18 05:05:28 status installed libc6-dev:amd64 2.31-13+deb11u5
2023-01-18 05:05:28 configure libicu-dev:amd64 67.1-7 <none>
2023-01-18 05:05:28 status unpacked libicu-dev:amd64 67.1-7
2023-01-18 05:05:28 status half-configured libicu-dev:amd64 67.1-7
2023-01-18 05:05:28 status installed libicu-dev:amd64 67.1-7
2023-01-18 05:05:28 configure gpg:amd64 2.2.27-2+deb11u2 <none>
2023-01-18 05:05:28 status unpacked gpg:amd64 2.2.27-2+deb11u2
2023-01-18 05:05:28 status half-configured gpg:amd64 2.2.27-2+deb11u2
2023-01-18 05:05:28 status installed gpg:amd64 2.2.27-2+deb11u2
2023-01-18 05:05:28 configure libpython3.9-stdlib:amd64 3.9.2-1 <none>
2023-01-18 05:05:28 status unpacked libpython3.9-stdlib:amd64 3.9.2-1
2023-01-18 05:05:28 status half-configured libpython3.9-stdlib:amd64 3.9.2-1
2023-01-18 05:05:28 status installed libpython3.9-stdlib:amd64 3.9.2-1
2023-01-18 05:05:28 configure libpython3-stdlib:amd64 3.9.2-3 <none>
2023-01-18 05:05:28 status unpacked libpython3-stdlib:amd64 3.9.2-3
2023-01-18 05:05:28 status half-configured libpython3-stdlib:amd64 3.9.2-3
2023-01-18 05:05:28 status installed libpython3-stdlib:amd64 3.9.2-3
2023-01-18 05:05:28 configure gnupg-utils:amd64 2.2.27-2+deb11u2 <none>
2023-01-18 05:05:28 status unpacked gnupg-utils:amd64 2.2.27-2+deb11u2
2023-01-18 05:05:28 status half-configured gnupg-utils:amd64 2.2.27-2+deb11u2
2023-01-18 05:05:28 status installed gnupg-utils:amd64 2.2.27-2+deb11u2
2023-01-18 05:05:28 configure binutils-x86-64-linux-gnu:amd64 2.35.2-2 <none>
2023-01-18 05:05:28 status unpacked binutils-x86-64-linux-gnu:amd64 2.35.2-2
2023-01-18 05:05:28 status half-configured binutils-x86-64-linux-gnu:amd64 2.35.2-2
2023-01-18 05:05:28 status installed binutils-x86-64-linux-gnu:amd64 2.35.2-2
2023-01-18 05:05:28 configure libncurses-dev:amd64 6.2+20201114-2 <none>
2023-01-18 05:05:28 status unpacked libncurses-dev:amd64 6.2+20201114-2
2023-01-18 05:05:28 status half-configured libncurses-dev:amd64 6.2+20201114-2
2023-01-18 05:05:28 status installed libncurses-dev:amd64 6.2+20201114-2
2023-01-18 05:05:28 configure gpg-agent:amd64 2.2.27-2+deb11u2 <none>
2023-01-18 05:05:28 status unpacked gpg-agent:amd64 2.2.27-2+deb11u2
2023-01-18 05:05:28 status half-configured gpg-agent:amd64 2.2.27-2+deb11u2
2023-01-18 05:05:28 status installed gpg-agent:amd64 2.2.27-2+deb11u2
2023-01-18 05:05:28 configure libpcre3-dev:amd64 2:8.39-13 <none>
2023-01-18 05:05:28 status unpacked libpcre3-dev:amd64 2:8.39-13
2023-01-18 05:05:28 status half-configured libpcre3-dev:amd64 2:8.39-13
2023-01-18 05:05:28 status installed libpcre3-dev:amd64 2:8.39-13
2023-01-18 05:05:28 configure gpgsm:amd64 2.2.27-2+deb11u2 <none>
2023-01-18 05:05:28 status unpacked gpgsm:amd64 2.2.27-2+deb11u2
2023-01-18 05:05:28 status half-configured gpgsm:amd64 2.2.27-2+deb11u2
2023-01-18 05:05:28 status installed gpgsm:amd64 2.2.27-2+deb11u2
2023-01-18 05:05:28 configure binutils:amd64 2.35.2-2 <none>
2023-01-18 05:05:28 status unpacked binutils:amd64 2.35.2-2
2023-01-18 05:05:28 status half-configured binutils:amd64 2.35.2-2
2023-01-18 05:05:28 status installed binutils:amd64 2.35.2-2
2023-01-18 05:05:28 configure libreadline-dev:amd64 8.1-1 <none>
2023-01-18 05:05:28 status unpacked libreadline-dev:amd64 8.1-1
2023-01-18 05:05:28 status half-configured libreadline-dev:amd64 8.1-1
2023-01-18 05:05:28 status installed libreadline-dev:amd64 8.1-1
2023-01-18 05:05:28 configure liblua5.2-dev:amd64 5.2.4-1.1+b3 <none>
2023-01-18 05:05:28 status unpacked liblua5.2-dev:amd64 5.2.4-1.1+b3
2023-01-18 05:05:28 status half-configured liblua5.2-dev:amd64 5.2.4-1.1+b3
2023-01-18 05:05:28 status installed liblua5.2-dev:amd64 5.2.4-1.1+b3
2023-01-18 05:05:28 configure dpkg-dev:all 1.20.12 <none>
2023-01-18 05:05:28 status unpacked dpkg-dev:all 1.20.12
2023-01-18 05:05:28 status half-configured dpkg-dev:all 1.20.12
2023-01-18 05:05:28 status installed dpkg-dev:all 1.20.12
2023-01-18 05:05:28 configure dirmngr:amd64 2.2.27-2+deb11u2 <none>
2023-01-18 05:05:28 status unpacked dirmngr:amd64 2.2.27-2+deb11u2
2023-01-18 05:05:28 status half-configured dirmngr:amd64 2.2.27-2+deb11u2
2023-01-18 05:05:29 status installed dirmngr:amd64 2.2.27-2+deb11u2
2023-01-18 05:05:29 configure libxml2-dev:amd64 2.9.10+dfsg-6.7+deb11u3 <none>
2023-01-18 05:05:29 status unpacked libxml2-dev:amd64 2.9.10+dfsg-6.7+deb11u3
2023-01-18 05:05:29 status half-configured libxml2-dev:amd64 2.9.10+dfsg-6.7+deb11u3
2023-01-18 05:05:29 status installed libxml2-dev:amd64 2.9.10+dfsg-6.7+deb11u3
2023-01-18 05:05:29 configure libexpat1-dev:amd64 2.2.10-2+deb11u5 <none>
2023-01-18 05:05:29 status unpacked libexpat1-dev:amd64 2.2.10-2+deb11u5
2023-01-18 05:05:29 status half-configured libexpat1-dev:amd64 2.2.10-2+deb11u5
2023-01-18 05:05:29 status installed libexpat1-dev:amd64 2.2.10-2+deb11u5
2023-01-18 05:05:29 configure libcurl4-openssl-dev:amd64 7.74.0-1.3+deb11u3 <none>
2023-01-18 05:05:29 status unpacked libcurl4-openssl-dev:amd64 7.74.0-1.3+deb11u3
2023-01-18 05:05:29 status half-configured libcurl4-openssl-dev:amd64 7.74.0-1.3+deb11u3
2023-01-18 05:05:29 status installed libcurl4-openssl-dev:amd64 7.74.0-1.3+deb11u3
2023-01-18 05:05:29 configure uuid-dev:amd64 2.36.1-8+deb11u1 <none>
2023-01-18 05:05:29 status unpacked uuid-dev:amd64 2.36.1-8+deb11u1
2023-01-18 05:05:29 status half-configured uuid-dev:amd64 2.36.1-8+deb11u1
2023-01-18 05:05:29 status installed uuid-dev:amd64 2.36.1-8+deb11u1
2023-01-18 05:05:29 configure libsctp-dev:amd64 1.0.18+dfsg-1 <none>
2023-01-18 05:05:29 status unpacked libsctp-dev:amd64 1.0.18+dfsg-1
2023-01-18 05:05:29 status half-configured libsctp-dev:amd64 1.0.18+dfsg-1
2023-01-18 05:05:29 status installed libsctp-dev:amd64 1.0.18+dfsg-1
2023-01-18 05:05:29 configure pkg-config:amd64 0.29.2-1 <none>
2023-01-18 05:05:29 status unpacked pkg-config:amd64 0.29.2-1
2023-01-18 05:05:29 status half-configured pkg-config:amd64 0.29.2-1
2023-01-18 05:05:29 status installed pkg-config:amd64 0.29.2-1
2023-01-18 05:05:29 configure gcc-10:amd64 10.2.1-6 <none>
2023-01-18 05:05:29 status unpacked gcc-10:amd64 10.2.1-6
2023-01-18 05:05:29 status half-configured gcc-10:amd64 10.2.1-6
2023-01-18 05:05:29 status installed gcc-10:amd64 10.2.1-6
2023-01-18 05:05:29 configure gpg-wks-server:amd64 2.2.27-2+deb11u2 <none>
2023-01-18 05:05:29 status unpacked gpg-wks-server:amd64 2.2.27-2+deb11u2
2023-01-18 05:05:29 status half-configured gpg-wks-server:amd64 2.2.27-2+deb11u2
2023-01-18 05:05:29 status installed gpg-wks-server:amd64 2.2.27-2+deb11u2
2023-01-18 05:05:29 configure zlib1g-dev:amd64 1:1.2.11.dfsg-2+deb11u2 <none>
2023-01-18 05:05:29 status unpacked zlib1g-dev:amd64 1:1.2.11.dfsg-2+deb11u2
2023-01-18 05:05:29 status half-configured zlib1g-dev:amd64 1:1.2.11.dfsg-2+deb11u2
2023-01-18 05:05:29 status installed zlib1g-dev:amd64 1:1.2.11.dfsg-2+deb11u2
2023-01-18 05:05:29 configure python3.9:amd64 3.9.2-1 <none>
2023-01-18 05:05:29 status unpacked python3.9:amd64 3.9.2-1
2023-01-18 05:05:29 status half-configured python3.9:amd64 3.9.2-1
2023-01-18 05:05:29 status installed python3.9:amd64 3.9.2-1
2023-01-18 05:05:29 configure libnghttp2-dev:amd64 1.43.0-1 <none>
2023-01-18 05:05:29 status unpacked libnghttp2-dev:amd64 1.43.0-1
2023-01-18 05:05:29 status half-configured libnghttp2-dev:amd64 1.43.0-1
2023-01-18 05:05:29 status installed libnghttp2-dev:amd64 1.43.0-1
2023-01-18 05:05:29 configure gpg-wks-client:amd64 2.2.27-2+deb11u2 <none>
2023-01-18 05:05:29 status unpacked gpg-wks-client:amd64 2.2.27-2+deb11u2
2023-01-18 05:05:29 status half-configured gpg-wks-client:amd64 2.2.27-2+deb11u2
2023-01-18 05:05:29 status installed gpg-wks-client:amd64 2.2.27-2+deb11u2
2023-01-18 05:05:29 configure python3:amd64 3.9.2-3 <none>
2023-01-18 05:05:29 status unpacked python3:amd64 3.9.2-3
2023-01-18 05:05:29 status half-configured python3:amd64 3.9.2-3
2023-01-18 05:05:29 status installed python3:amd64 3.9.2-3
2023-01-18 05:05:29 configure gcc:amd64 4:10.2.1-1 <none>
2023-01-18 05:05:29 status unpacked gcc:amd64 4:10.2.1-1
2023-01-18 05:05:29 status half-configured gcc:amd64 4:10.2.1-1
2023-01-18 05:05:29 status installed gcc:amd64 4:10.2.1-1
2023-01-18 05:05:29 configure libapr1-dev:amd64 1.7.0-6+deb11u1 <none>
2023-01-18 05:05:29 status unpacked libapr1-dev:amd64 1.7.0-6+deb11u1
2023-01-18 05:05:29 status half-configured libapr1-dev:amd64 1.7.0-6+deb11u1
2023-01-18 05:05:29 status installed libapr1-dev:amd64 1.7.0-6+deb11u1
2023-01-18 05:05:29 configure gnupg:all 2.2.27-2+deb11u2 <none>
2023-01-18 05:05:29 status unpacked gnupg:all 2.2.27-2+deb11u2
2023-01-18 05:05:29 status half-configured gnupg:all 2.2.27-2+deb11u2
2023-01-18 05:05:29 status installed gnupg:all 2.2.27-2+deb11u2
2023-01-18 05:05:29 configure libaprutil1-dev:amd64 1.6.1-5 <none>
2023-01-18 05:05:29 status unpacked libaprutil1-dev:amd64 1.6.1-5
2023-01-18 05:05:29 status half-configured libaprutil1-dev:amd64 1.6.1-5
2023-01-18 05:05:29 status installed libaprutil1-dev:amd64 1.6.1-5
2023-01-18 05:05:29 trigproc libc-bin:amd64 2.31-13+deb11u5 <none>
2023-01-18 05:05:29 status half-configured libc-bin:amd64 2.31-13+deb11u5
2023-01-18 05:05:30 status installed libc-bin:amd64 2.31-13+deb11u5
2023-01-18 05:07:05 startup packages remove
2023-01-18 05:07:05 status installed gcc:amd64 4:10.2.1-1
2023-01-18 05:07:05 remove gcc:amd64 4:10.2.1-1 <none>
2023-01-18 05:07:05 status half-configured gcc:amd64 4:10.2.1-1
2023-01-18 05:07:05 status half-installed gcc:amd64 4:10.2.1-1
2023-01-18 05:07:05 status config-files gcc:amd64 4:10.2.1-1
2023-01-18 05:07:06 status not-installed gcc:amd64 <none>
2023-01-18 05:07:06 status installed gcc-10:amd64 10.2.1-6
2023-01-18 05:07:06 remove gcc-10:amd64 10.2.1-6 <none>
2023-01-18 05:07:06 status half-configured gcc-10:amd64 10.2.1-6
2023-01-18 05:07:06 status half-installed gcc-10:amd64 10.2.1-6
2023-01-18 05:07:06 status config-files gcc-10:amd64 10.2.1-6
2023-01-18 05:07:06 status not-installed gcc-10:amd64 <none>
2023-01-18 05:07:06 status installed dpkg-dev:all 1.20.12
2023-01-18 05:07:06 remove dpkg-dev:all 1.20.12 <none>
2023-01-18 05:07:06 status half-configured dpkg-dev:all 1.20.12
2023-01-18 05:07:06 status half-installed dpkg-dev:all 1.20.12
2023-01-18 05:07:06 status config-files dpkg-dev:all 1.20.12
2023-01-18 05:07:06 status installed binutils:amd64 2.35.2-2
2023-01-18 05:07:06 remove binutils:amd64 2.35.2-2 <none>
2023-01-18 05:07:06 status half-configured binutils:amd64 2.35.2-2
2023-01-18 05:07:06 status half-installed binutils:amd64 2.35.2-2
2023-01-18 05:07:06 status config-files binutils:amd64 2.35.2-2
2023-01-18 05:07:06 status not-installed binutils:amd64 <none>
2023-01-18 05:07:06 status installed binutils-x86-64-linux-gnu:amd64 2.35.2-2
2023-01-18 05:07:06 remove binutils-x86-64-linux-gnu:amd64 2.35.2-2 <none>
2023-01-18 05:07:06 status half-configured binutils-x86-64-linux-gnu:amd64 2.35.2-2
2023-01-18 05:07:06 status half-installed binutils-x86-64-linux-gnu:amd64 2.35.2-2
2023-01-18 05:07:06 status config-files binutils-x86-64-linux-gnu:amd64 2.35.2-2
2023-01-18 05:07:06 status not-installed binutils-x86-64-linux-gnu:amd64 <none>
2023-01-18 05:07:06 status installed libctf0:amd64 2.35.2-2
2023-01-18 05:07:06 remove libctf0:amd64 2.35.2-2 <none>
2023-01-18 05:07:06 status triggers-pending libc-bin:amd64 2.31-13+deb11u5
2023-01-18 05:07:06 status half-configured libctf0:amd64 2.35.2-2
2023-01-18 05:07:06 status half-installed libctf0:amd64 2.35.2-2
2023-01-18 05:07:06 status config-files libctf0:amd64 2.35.2-2
2023-01-18 05:07:06 status not-installed libctf0:amd64 <none>
2023-01-18 05:07:06 status installed libbinutils:amd64 2.35.2-2
2023-01-18 05:07:06 remove libbinutils:amd64 2.35.2-2 <none>
2023-01-18 05:07:06 status half-configured libbinutils:amd64 2.35.2-2
2023-01-18 05:07:06 status half-installed libbinutils:amd64 2.35.2-2
2023-01-18 05:07:06 status config-files libbinutils:amd64 2.35.2-2
2023-01-18 05:07:06 status not-installed libbinutils:amd64 <none>
2023-01-18 05:07:06 status installed binutils-common:amd64 2.35.2-2
2023-01-18 05:07:06 remove binutils-common:amd64 2.35.2-2 <none>
2023-01-18 05:07:06 status half-configured binutils-common:amd64 2.35.2-2
2023-01-18 05:07:06 status half-installed binutils-common:amd64 2.35.2-2
2023-01-18 05:07:06 status config-files binutils-common:amd64 2.35.2-2
2023-01-18 05:07:06 status not-installed binutils-common:amd64 <none>
2023-01-18 05:07:06 status installed bzip2:amd64 1.0.8-4
2023-01-18 05:07:06 remove bzip2:amd64 1.0.8-4 <none>
2023-01-18 05:07:06 status half-configured bzip2:amd64 1.0.8-4
2023-01-18 05:07:06 status half-installed bzip2:amd64 1.0.8-4
2023-01-18 05:07:06 status config-files bzip2:amd64 1.0.8-4
2023-01-18 05:07:06 status not-installed bzip2:amd64 <none>
2023-01-18 05:07:06 status installed cpp:amd64 4:10.2.1-1
2023-01-18 05:07:06 remove cpp:amd64 4:10.2.1-1 <none>
2023-01-18 05:07:06 status half-configured cpp:amd64 4:10.2.1-1
2023-01-18 05:07:06 status half-installed cpp:amd64 4:10.2.1-1
2023-01-18 05:07:06 status config-files cpp:amd64 4:10.2.1-1
2023-01-18 05:07:06 status not-installed cpp:amd64 <none>
2023-01-18 05:07:06 status installed cpp-10:amd64 10.2.1-6
2023-01-18 05:07:06 remove cpp-10:amd64 10.2.1-6 <none>
2023-01-18 05:07:06 status half-configured cpp-10:amd64 10.2.1-6
2023-01-18 05:07:06 status half-installed cpp-10:amd64 10.2.1-6
2023-01-18 05:07:06 status config-files cpp-10:amd64 10.2.1-6
2023-01-18 05:07:06 status not-installed cpp-10:amd64 <none>
2023-01-18 05:07:06 status installed gnupg:all 2.2.27-2+deb11u2
2023-01-18 05:07:06 remove gnupg:all 2.2.27-2+deb11u2 <none>
2023-01-18 05:07:06 status half-configured gnupg:all 2.2.27-2+deb11u2
2023-01-18 05:07:06 status half-installed gnupg:all 2.2.27-2+deb11u2
2023-01-18 05:07:06 status config-files gnupg:all 2.2.27-2+deb11u2
2023-01-18 05:07:06 status not-installed gnupg:all <none>
2023-01-18 05:07:06 status installed gpg-wks-client:amd64 2.2.27-2+deb11u2
2023-01-18 05:07:06 remove gpg-wks-client:amd64 2.2.27-2+deb11u2 <none>
2023-01-18 05:07:06 status half-configured gpg-wks-client:amd64 2.2.27-2+deb11u2
2023-01-18 05:07:06 status half-installed gpg-wks-client:amd64 2.2.27-2+deb11u2
2023-01-18 05:07:06 status config-files gpg-wks-client:amd64 2.2.27-2+deb11u2
2023-01-18 05:07:06 status not-installed gpg-wks-client:amd64 <none>
2023-01-18 05:07:06 status installed dirmngr:amd64 2.2.27-2+deb11u2
2023-01-18 05:07:06 remove dirmngr:amd64 2.2.27-2+deb11u2 <none>
2023-01-18 05:07:06 status half-configured dirmngr:amd64 2.2.27-2+deb11u2
2023-01-18 05:07:06 status half-installed dirmngr:amd64 2.2.27-2+deb11u2
2023-01-18 05:07:06 status config-files dirmngr:amd64 2.2.27-2+deb11u2
2023-01-18 05:07:06 status installed gnupg-l10n:all 2.2.27-2+deb11u2
2023-01-18 05:07:06 remove gnupg-l10n:all 2.2.27-2+deb11u2 <none>
2023-01-18 05:07:06 status half-configured gnupg-l10n:all 2.2.27-2+deb11u2
2023-01-18 05:07:06 status half-installed gnupg-l10n:all 2.2.27-2+deb11u2
2023-01-18 05:07:06 status config-files gnupg-l10n:all 2.2.27-2+deb11u2
2023-01-18 05:07:06 status not-installed gnupg-l10n:all <none>
2023-01-18 05:07:06 status installed gnupg-utils:amd64 2.2.27-2+deb11u2
2023-01-18 05:07:06 remove gnupg-utils:amd64 2.2.27-2+deb11u2 <none>
2023-01-18 05:07:06 status half-configured gnupg-utils:amd64 2.2.27-2+deb11u2
2023-01-18 05:07:06 status half-installed gnupg-utils:amd64 2.2.27-2+deb11u2
2023-01-18 05:07:06 status config-files gnupg-utils:amd64 2.2.27-2+deb11u2
2023-01-18 05:07:06 status not-installed gnupg-utils:amd64 <none>
2023-01-18 05:07:06 status installed gpg-wks-server:amd64 2.2.27-2+deb11u2
2023-01-18 05:07:06 remove gpg-wks-server:amd64 2.2.27-2+deb11u2 <none>
2023-01-18 05:07:06 status half-configured gpg-wks-server:amd64 2.2.27-2+deb11u2
2023-01-18 05:07:06 status half-installed gpg-wks-server:amd64 2.2.27-2+deb11u2
2023-01-18 05:07:06 status config-files gpg-wks-server:amd64 2.2.27-2+deb11u2
2023-01-18 05:07:06 status not-installed gpg-wks-server:amd64 <none>
2023-01-18 05:07:06 status installed gpg:amd64 2.2.27-2+deb11u2
2023-01-18 05:07:06 remove gpg:amd64 2.2.27-2+deb11u2 <none>
2023-01-18 05:07:06 status half-configured gpg:amd64 2.2.27-2+deb11u2
2023-01-18 05:07:06 status half-installed gpg:amd64 2.2.27-2+deb11u2
2023-01-18 05:07:06 status config-files gpg:amd64 2.2.27-2+deb11u2
2023-01-18 05:07:06 status not-installed gpg:amd64 <none>
2023-01-18 05:07:06 status installed gpg-agent:amd64 2.2.27-2+deb11u2
2023-01-18 05:07:06 remove gpg-agent:amd64 2.2.27-2+deb11u2 <none>
2023-01-18 05:07:06 status half-configured gpg-agent:amd64 2.2.27-2+deb11u2
2023-01-18 05:07:06 status half-installed gpg-agent:amd64 2.2.27-2+deb11u2
2023-01-18 05:07:06 status config-files gpg-agent:amd64 2.2.27-2+deb11u2
2023-01-18 05:07:06 status installed gpgsm:amd64 2.2.27-2+deb11u2
2023-01-18 05:07:06 remove gpgsm:amd64 2.2.27-2+deb11u2 <none>
2023-01-18 05:07:06 status half-configured gpgsm:amd64 2.2.27-2+deb11u2
2023-01-18 05:07:06 status half-installed gpgsm:amd64 2.2.27-2+deb11u2
2023-01-18 05:07:06 status config-files gpgsm:amd64 2.2.27-2+deb11u2
2023-01-18 05:07:06 status not-installed gpgsm:amd64 <none>
2023-01-18 05:07:06 status installed gpgconf:amd64 2.2.27-2+deb11u2
2023-01-18 05:07:06 remove gpgconf:amd64 2.2.27-2+deb11u2 <none>
2023-01-18 05:07:06 status half-configured gpgconf:amd64 2.2.27-2+deb11u2
2023-01-18 05:07:06 status half-installed gpgconf:amd64 2.2.27-2+deb11u2
2023-01-18 05:07:06 status config-files gpgconf:amd64 2.2.27-2+deb11u2
2023-01-18 05:07:06 status not-installed gpgconf:amd64 <none>
2023-01-18 05:07:06 status installed libxml2-dev:amd64 2.9.10+dfsg-6.7+deb11u3
2023-01-18 05:07:06 remove libxml2-dev:amd64 2.9.10+dfsg-6.7+deb11u3 <none>
2023-01-18 05:07:06 status half-configured libxml2-dev:amd64 2.9.10+dfsg-6.7+deb11u3
2023-01-18 05:07:06 status half-installed libxml2-dev:amd64 2.9.10+dfsg-6.7+deb11u3
2023-01-18 05:07:06 status config-files libxml2-dev:amd64 2.9.10+dfsg-6.7+deb11u3
2023-01-18 05:07:06 status not-installed libxml2-dev:amd64 <none>
2023-01-18 05:07:06 status installed libicu-dev:amd64 67.1-7
2023-01-18 05:07:06 remove libicu-dev:amd64 67.1-7 <none>
2023-01-18 05:07:06 status half-configured libicu-dev:amd64 67.1-7
2023-01-18 05:07:07 status half-installed libicu-dev:amd64 67.1-7
2023-01-18 05:07:07 status config-files libicu-dev:amd64 67.1-7
2023-01-18 05:07:07 status not-installed libicu-dev:amd64 <none>
2023-01-18 05:07:07 status installed icu-devtools:amd64 67.1-7
2023-01-18 05:07:07 remove icu-devtools:amd64 67.1-7 <none>
2023-01-18 05:07:07 status half-configured icu-devtools:amd64 67.1-7
2023-01-18 05:07:07 status half-installed icu-devtools:amd64 67.1-7
2023-01-18 05:07:07 status config-files icu-devtools:amd64 67.1-7
2023-01-18 05:07:07 status not-installed icu-devtools:amd64 <none>
2023-01-18 05:07:07 status installed libaprutil1-dev:amd64 1.6.1-5
2023-01-18 05:07:07 remove libaprutil1-dev:amd64 1.6.1-5 <none>
2023-01-18 05:07:07 status half-configured libaprutil1-dev:amd64 1.6.1-5
2023-01-18 05:07:07 status half-installed libaprutil1-dev:amd64 1.6.1-5
2023-01-18 05:07:07 status config-files libaprutil1-dev:amd64 1.6.1-5
2023-01-18 05:07:07 status not-installed libaprutil1-dev:amd64 <none>
2023-01-18 05:07:07 status installed libapr1-dev:amd64 1.7.0-6+deb11u1
2023-01-18 05:07:07 remove libapr1-dev:amd64 1.7.0-6+deb11u1 <none>
2023-01-18 05:07:07 status half-configured libapr1-dev:amd64 1.7.0-6+deb11u1
2023-01-18 05:07:07 status half-installed libapr1-dev:amd64 1.7.0-6+deb11u1
2023-01-18 05:07:07 status config-files libapr1-dev:amd64 1.7.0-6+deb11u1
2023-01-18 05:07:07 status not-installed libapr1-dev:amd64 <none>
2023-01-18 05:07:07 status installed libgcc-10-dev:amd64 10.2.1-6
2023-01-18 05:07:07 remove libgcc-10-dev:amd64 10.2.1-6 <none>
2023-01-18 05:07:07 status half-configured libgcc-10-dev:amd64 10.2.1-6
2023-01-18 05:07:07 status half-installed libgcc-10-dev:amd64 10.2.1-6
2023-01-18 05:07:07 status config-files libgcc-10-dev:amd64 10.2.1-6
2023-01-18 05:07:07 status not-installed libgcc-10-dev:amd64 <none>
2023-01-18 05:07:07 status installed libasan6:amd64 10.2.1-6
2023-01-18 05:07:07 remove libasan6:amd64 10.2.1-6 <none>
2023-01-18 05:07:07 status half-configured libasan6:amd64 10.2.1-6
2023-01-18 05:07:07 status half-installed libasan6:amd64 10.2.1-6
2023-01-18 05:07:07 status config-files libasan6:amd64 10.2.1-6
2023-01-18 05:07:07 status not-installed libasan6:amd64 <none>
2023-01-18 05:07:07 status installed pinentry-curses:amd64 1.1.0-4
2023-01-18 05:07:07 remove pinentry-curses:amd64 1.1.0-4 <none>
2023-01-18 05:07:07 status half-configured pinentry-curses:amd64 1.1.0-4
2023-01-18 05:07:07 status half-installed pinentry-curses:amd64 1.1.0-4
2023-01-18 05:07:07 status config-files pinentry-curses:amd64 1.1.0-4
2023-01-18 05:07:07 status not-installed pinentry-curses:amd64 <none>
2023-01-18 05:07:07 status installed libassuan0:amd64 2.5.3-7.1
2023-01-18 05:07:07 remove libassuan0:amd64 2.5.3-7.1 <none>
2023-01-18 05:07:07 status half-configured libassuan0:amd64 2.5.3-7.1
2023-01-18 05:07:07 status half-installed libassuan0:amd64 2.5.3-7.1
2023-01-18 05:07:07 status config-files libassuan0:amd64 2.5.3-7.1
2023-01-18 05:07:07 status not-installed libassuan0:amd64 <none>
2023-01-18 05:07:07 status installed libatomic1:amd64 10.2.1-6
2023-01-18 05:07:07 remove libatomic1:amd64 10.2.1-6 <none>
2023-01-18 05:07:07 status half-configured libatomic1:amd64 10.2.1-6
2023-01-18 05:07:07 status half-installed libatomic1:amd64 10.2.1-6
2023-01-18 05:07:07 status config-files libatomic1:amd64 10.2.1-6
2023-01-18 05:07:07 status not-installed libatomic1:amd64 <none>
2023-01-18 05:07:07 status installed libbrotli-dev:amd64 1.0.9-2+b2
2023-01-18 05:07:07 remove libbrotli-dev:amd64 1.0.9-2+b2 <none>
2023-01-18 05:07:07 status half-configured libbrotli-dev:amd64 1.0.9-2+b2
2023-01-18 05:07:07 status half-installed libbrotli-dev:amd64 1.0.9-2+b2
2023-01-18 05:07:07 status config-files libbrotli-dev:amd64 1.0.9-2+b2
2023-01-18 05:07:07 status not-installed libbrotli-dev:amd64 <none>
2023-01-18 05:07:07 status installed zlib1g-dev:amd64 1:1.2.11.dfsg-2+deb11u2
2023-01-18 05:07:07 remove zlib1g-dev:amd64 1:1.2.11.dfsg-2+deb11u2 <none>
2023-01-18 05:07:07 status half-configured zlib1g-dev:amd64 1:1.2.11.dfsg-2+deb11u2
2023-01-18 05:07:07 status half-installed zlib1g-dev:amd64 1:1.2.11.dfsg-2+deb11u2
2023-01-18 05:07:07 status config-files zlib1g-dev:amd64 1:1.2.11.dfsg-2+deb11u2
2023-01-18 05:07:07 status not-installed zlib1g-dev:amd64 <none>
2023-01-18 05:07:07 status installed uuid-dev:amd64 2.36.1-8+deb11u1
2023-01-18 05:07:07 remove uuid-dev:amd64 2.36.1-8+deb11u1 <none>
2023-01-18 05:07:07 status half-configured uuid-dev:amd64 2.36.1-8+deb11u1
2023-01-18 05:07:07 status half-installed uuid-dev:amd64 2.36.1-8+deb11u1
2023-01-18 05:07:07 status config-files uuid-dev:amd64 2.36.1-8+deb11u1
2023-01-18 05:07:07 status not-installed uuid-dev:amd64 <none>
2023-01-18 05:07:07 status installed libsctp-dev:amd64 1.0.18+dfsg-1
2023-01-18 05:07:07 remove libsctp-dev:amd64 1.0.18+dfsg-1 <none>
2023-01-18 05:07:07 status half-configured libsctp-dev:amd64 1.0.18+dfsg-1
2023-01-18 05:07:07 status half-installed libsctp-dev:amd64 1.0.18+dfsg-1
2023-01-18 05:07:07 status config-files libsctp-dev:amd64 1.0.18+dfsg-1
2023-01-18 05:07:07 status not-installed libsctp-dev:amd64 <none>
2023-01-18 05:07:07 status installed liblua5.2-dev:amd64 5.2.4-1.1+b3
2023-01-18 05:07:07 remove liblua5.2-dev:amd64 5.2.4-1.1+b3 <none>
2023-01-18 05:07:07 status half-configured liblua5.2-dev:amd64 5.2.4-1.1+b3
2023-01-18 05:07:07 status half-installed liblua5.2-dev:amd64 5.2.4-1.1+b3
2023-01-18 05:07:07 status config-files liblua5.2-dev:amd64 5.2.4-1.1+b3
2023-01-18 05:07:07 status not-installed liblua5.2-dev:amd64 <none>
2023-01-18 05:07:07 status installed libreadline-dev:amd64 8.1-1
2023-01-18 05:07:07 remove libreadline-dev:amd64 8.1-1 <none>
2023-01-18 05:07:07 status half-configured libreadline-dev:amd64 8.1-1
2023-01-18 05:07:07 status half-installed libreadline-dev:amd64 8.1-1
2023-01-18 05:07:07 status config-files libreadline-dev:amd64 8.1-1
2023-01-18 05:07:07 status not-installed libreadline-dev:amd64 <none>
2023-01-18 05:07:07 status installed libncurses-dev:amd64 6.2+20201114-2
2023-01-18 05:07:07 remove libncurses-dev:amd64 6.2+20201114-2 <none>
2023-01-18 05:07:07 status half-configured libncurses-dev:amd64 6.2+20201114-2
2023-01-18 05:07:07 status half-installed libncurses-dev:amd64 6.2+20201114-2
2023-01-18 05:07:07 status config-files libncurses-dev:amd64 6.2+20201114-2
2023-01-18 05:07:07 status not-installed libncurses-dev:amd64 <none>
2023-01-18 05:07:07 status installed libc6-dev:amd64 2.31-13+deb11u5
2023-01-18 05:07:07 status installed libc-dev-bin:amd64 2.31-13+deb11u5
2023-01-18 05:07:07 status installed libcc1-0:amd64 10.2.1-6
2023-01-18 05:07:07 remove libcc1-0:amd64 10.2.1-6 <none>
2023-01-18 05:07:07 status half-configured libcc1-0:amd64 10.2.1-6
2023-01-18 05:07:07 status half-installed libcc1-0:amd64 10.2.1-6
2023-01-18 05:07:07 status config-files libcc1-0:amd64 10.2.1-6
2023-01-18 05:07:07 status not-installed libcc1-0:amd64 <none>
2023-01-18 05:07:07 status installed libcrypt-dev:amd64 1:4.4.18-4
2023-01-18 05:07:07 status installed libctf-nobfd0:amd64 2.35.2-2
2023-01-18 05:07:07 remove libctf-nobfd0:amd64 2.35.2-2 <none>
2023-01-18 05:07:07 status half-configured libctf-nobfd0:amd64 2.35.2-2
2023-01-18 05:07:07 status half-installed libctf-nobfd0:amd64 2.35.2-2
2023-01-18 05:07:07 status config-files libctf-nobfd0:amd64 2.35.2-2
2023-01-18 05:07:07 status not-installed libctf-nobfd0:amd64 <none>
2023-01-18 05:07:07 status installed libcurl4-openssl-dev:amd64 7.74.0-1.3+deb11u3
2023-01-18 05:07:07 remove libcurl4-openssl-dev:amd64 7.74.0-1.3+deb11u3 <none>
2023-01-18 05:07:07 status half-configured libcurl4-openssl-dev:amd64 7.74.0-1.3+deb11u3
2023-01-18 05:07:07 status half-installed libcurl4-openssl-dev:amd64 7.74.0-1.3+deb11u3
2023-01-18 05:07:07 status config-files libcurl4-openssl-dev:amd64 7.74.0-1.3+deb11u3
2023-01-18 05:07:07 status not-installed libcurl4-openssl-dev:amd64 <none>
2023-01-18 05:07:07 status installed libnghttp2-dev:amd64 1.43.0-1
2023-01-18 05:07:07 remove libnghttp2-dev:amd64 1.43.0-1 <none>
2023-01-18 05:07:07 status half-configured libnghttp2-dev:amd64 1.43.0-1
2023-01-18 05:07:07 status half-installed libnghttp2-dev:amd64 1.43.0-1
2023-01-18 05:07:07 status config-files libnghttp2-dev:amd64 1.43.0-1
2023-01-18 05:07:07 status not-installed libnghttp2-dev:amd64 <none>
2023-01-18 05:07:07 status installed pkg-config:amd64 0.29.2-1
2023-01-18 05:07:07 remove pkg-config:amd64 0.29.2-1 <none>
2023-01-18 05:07:07 status half-configured pkg-config:amd64 0.29.2-1
2023-01-18 05:07:07 status half-installed pkg-config:amd64 0.29.2-1
2023-01-18 05:07:07 status config-files pkg-config:amd64 0.29.2-1
2023-01-18 05:07:07 status installed libdpkg-perl:all 1.20.12
2023-01-18 05:07:08 remove libdpkg-perl:all 1.20.12 <none>
2023-01-18 05:07:08 status half-configured libdpkg-perl:all 1.20.12
2023-01-18 05:07:08 status half-installed libdpkg-perl:all 1.20.12
2023-01-18 05:07:08 status config-files libdpkg-perl:all 1.20.12
2023-01-18 05:07:08 status not-installed libdpkg-perl:all <none>
2023-01-18 05:07:08 status installed libexpat1-dev:amd64 2.2.10-2+deb11u5
2023-01-18 05:07:08 remove libexpat1-dev:amd64 2.2.10-2+deb11u5 <none>
2023-01-18 05:07:08 status half-configured libexpat1-dev:amd64 2.2.10-2+deb11u5
2023-01-18 05:07:08 status half-installed libexpat1-dev:amd64 2.2.10-2+deb11u5
2023-01-18 05:07:08 status config-files libexpat1-dev:amd64 2.2.10-2+deb11u5
2023-01-18 05:07:08 status not-installed libexpat1-dev:amd64 <none>
2023-01-18 05:07:08 status installed perl:amd64 5.32.1-4+deb11u2
2023-01-18 05:07:08 remove perl:amd64 5.32.1-4+deb11u2 <none>
2023-01-18 05:07:08 status half-configured perl:amd64 5.32.1-4+deb11u2
2023-01-18 05:07:08 status half-installed perl:amd64 5.32.1-4+deb11u2
2023-01-18 05:07:08 status config-files perl:amd64 5.32.1-4+deb11u2
2023-01-18 05:07:08 status installed libperl5.32:amd64 5.32.1-4+deb11u2
2023-01-18 05:07:08 remove libperl5.32:amd64 5.32.1-4+deb11u2 <none>
2023-01-18 05:07:08 status half-configured libperl5.32:amd64 5.32.1-4+deb11u2
2023-01-18 05:07:08 status half-installed libperl5.32:amd64 5.32.1-4+deb11u2
2023-01-18 05:07:08 status config-files libperl5.32:amd64 5.32.1-4+deb11u2
2023-01-18 05:07:08 status not-installed libperl5.32:amd64 <none>
2023-01-18 05:07:08 status installed libgdbm-compat4:amd64 1.19-2
2023-01-18 05:07:08 remove libgdbm-compat4:amd64 1.19-2 <none>
2023-01-18 05:07:08 status half-configured libgdbm-compat4:amd64 1.19-2
2023-01-18 05:07:08 status half-installed libgdbm-compat4:amd64 1.19-2
2023-01-18 05:07:08 status config-files libgdbm-compat4:amd64 1.19-2
2023-01-18 05:07:08 status not-installed libgdbm-compat4:amd64 <none>
2023-01-18 05:07:08 status installed libglib2.0-0:amd64 2.66.8-1
2023-01-18 05:07:08 remove libglib2.0-0:amd64 2.66.8-1 <none>
2023-01-18 05:07:08 status half-configured libglib2.0-0:amd64 2.66.8-1
2023-01-18 05:07:08 status half-installed libglib2.0-0:amd64 2.66.8-1
2023-01-18 05:07:08 status config-files libglib2.0-0:amd64 2.66.8-1
2023-01-18 05:07:08 status installed libgomp1:amd64 10.2.1-6
2023-01-18 05:07:08 remove libgomp1:amd64 10.2.1-6 <none>
2023-01-18 05:07:08 status half-configured libgomp1:amd64 10.2.1-6
2023-01-18 05:07:08 status half-installed libgomp1:amd64 10.2.1-6
2023-01-18 05:07:08 status config-files libgomp1:amd64 10.2.1-6
2023-01-18 05:07:08 status not-installed libgomp1:amd64 <none>
2023-01-18 05:07:08 status installed libisl23:amd64 0.23-1
2023-01-18 05:07:08 remove libisl23:amd64 0.23-1 <none>
2023-01-18 05:07:08 status half-configured libisl23:amd64 0.23-1
2023-01-18 05:07:08 status half-installed libisl23:amd64 0.23-1
2023-01-18 05:07:08 status config-files libisl23:amd64 0.23-1
2023-01-18 05:07:08 status not-installed libisl23:amd64 <none>
2023-01-18 05:07:08 status installed libitm1:amd64 10.2.1-6
2023-01-18 05:07:08 remove libitm1:amd64 10.2.1-6 <none>
2023-01-18 05:07:08 status half-configured libitm1:amd64 10.2.1-6
2023-01-18 05:07:08 status half-installed libitm1:amd64 10.2.1-6
2023-01-18 05:07:08 status config-files libitm1:amd64 10.2.1-6
2023-01-18 05:07:08 status not-installed libitm1:amd64 <none>
2023-01-18 05:07:08 status installed libjansson-dev:amd64 2.13.1-1.1
2023-01-18 05:07:08 remove libjansson-dev:amd64 2.13.1-1.1 <none>
2023-01-18 05:07:08 status half-configured libjansson-dev:amd64 2.13.1-1.1
2023-01-18 05:07:08 status half-installed libjansson-dev:amd64 2.13.1-1.1
2023-01-18 05:07:08 status config-files libjansson-dev:amd64 2.13.1-1.1
2023-01-18 05:07:08 status not-installed libjansson-dev:amd64 <none>
2023-01-18 05:07:08 status installed libksba8:amd64 1.5.0-3+deb11u2
2023-01-18 05:07:08 remove libksba8:amd64 1.5.0-3+deb11u2 <none>
2023-01-18 05:07:08 status half-configured libksba8:amd64 1.5.0-3+deb11u2
2023-01-18 05:07:08 status half-installed libksba8:amd64 1.5.0-3+deb11u2
2023-01-18 05:07:08 status config-files libksba8:amd64 1.5.0-3+deb11u2
2023-01-18 05:07:08 status not-installed libksba8:amd64 <none>
2023-01-18 05:07:08 status installed libldap2-dev:amd64 2.4.57+dfsg-3+deb11u1
2023-01-18 05:07:08 remove libldap2-dev:amd64 2.4.57+dfsg-3+deb11u1 <none>
2023-01-18 05:07:08 status half-configured libldap2-dev:amd64 2.4.57+dfsg-3+deb11u1
2023-01-18 05:07:08 status half-installed libldap2-dev:amd64 2.4.57+dfsg-3+deb11u1
2023-01-18 05:07:08 status config-files libldap2-dev:amd64 2.4.57+dfsg-3+deb11u1
2023-01-18 05:07:08 status not-installed libldap2-dev:amd64 <none>
2023-01-18 05:07:08 status installed liblsan0:amd64 10.2.1-6
2023-01-18 05:07:08 remove liblsan0:amd64 10.2.1-6 <none>
2023-01-18 05:07:08 status half-configured liblsan0:amd64 10.2.1-6
2023-01-18 05:07:08 status half-installed liblsan0:amd64 10.2.1-6
2023-01-18 05:07:08 status config-files liblsan0:amd64 10.2.1-6
2023-01-18 05:07:08 status not-installed liblsan0:amd64 <none>
2023-01-18 05:07:08 status installed libmpc3:amd64 1.2.0-1
2023-01-18 05:07:08 remove libmpc3:amd64 1.2.0-1 <none>
2023-01-18 05:07:08 status half-configured libmpc3:amd64 1.2.0-1
2023-01-18 05:07:08 status half-installed libmpc3:amd64 1.2.0-1
2023-01-18 05:07:08 status config-files libmpc3:amd64 1.2.0-1
2023-01-18 05:07:08 status not-installed libmpc3:amd64 <none>
2023-01-18 05:07:08 status installed python3:amd64 3.9.2-3
2023-01-18 05:07:08 remove python3:amd64 3.9.2-3 <none>
2023-01-18 05:07:08 status half-configured python3:amd64 3.9.2-3
2023-01-18 05:07:08 status half-installed python3:amd64 3.9.2-3
2023-01-18 05:07:08 status config-files python3:amd64 3.9.2-3
2023-01-18 05:07:08 status installed python3.9:amd64 3.9.2-1
2023-01-18 05:07:08 remove python3.9:amd64 3.9.2-1 <none>
2023-01-18 05:07:08 status half-configured python3.9:amd64 3.9.2-1
2023-01-18 05:07:08 status half-installed python3.9:amd64 3.9.2-1
2023-01-18 05:07:08 status config-files python3.9:amd64 3.9.2-1
2023-01-18 05:07:08 status not-installed python3.9:amd64 <none>
2023-01-18 05:07:08 status installed libpython3-stdlib:amd64 3.9.2-3
2023-01-18 05:07:08 remove libpython3-stdlib:amd64 3.9.2-3 <none>
2023-01-18 05:07:08 status half-configured libpython3-stdlib:amd64 3.9.2-3
2023-01-18 05:07:08 status half-installed libpython3-stdlib:amd64 3.9.2-3
2023-01-18 05:07:08 status config-files libpython3-stdlib:amd64 3.9.2-3
2023-01-18 05:07:08 status not-installed libpython3-stdlib:amd64 <none>
2023-01-18 05:07:08 status installed libpython3.9-stdlib:amd64 3.9.2-1
2023-01-18 05:07:08 remove libpython3.9-stdlib:amd64 3.9.2-1 <none>
2023-01-18 05:07:08 status half-configured libpython3.9-stdlib:amd64 3.9.2-1
2023-01-18 05:07:08 status half-installed libpython3.9-stdlib:amd64 3.9.2-1
2023-01-18 05:07:08 status config-files libpython3.9-stdlib:amd64 3.9.2-1
2023-01-18 05:07:08 status not-installed libpython3.9-stdlib:amd64 <none>
2023-01-18 05:07:08 status installed libmpdec3:amd64 2.5.1-1
2023-01-18 05:07:08 remove libmpdec3:amd64 2.5.1-1 <none>
2023-01-18 05:07:08 status half-configured libmpdec3:amd64 2.5.1-1
2023-01-18 05:07:08 status half-installed libmpdec3:amd64 2.5.1-1
2023-01-18 05:07:08 status config-files libmpdec3:amd64 2.5.1-1
2023-01-18 05:07:08 status not-installed libmpdec3:amd64 <none>
2023-01-18 05:07:08 status installed libmpfr6:amd64 4.1.0-3
2023-01-18 05:07:08 remove libmpfr6:amd64 4.1.0-3 <none>
2023-01-18 05:07:08 status half-configured libmpfr6:amd64 4.1.0-3
2023-01-18 05:07:08 status half-installed libmpfr6:amd64 4.1.0-3
2023-01-18 05:07:08 status config-files libmpfr6:amd64 4.1.0-3
2023-01-18 05:07:08 status not-installed libmpfr6:amd64 <none>
2023-01-18 05:07:08 status installed libncurses6:amd64 6.2+20201114-2
2023-01-18 05:07:09 remove libncurses6:amd64 6.2+20201114-2 <none>
2023-01-18 05:07:09 status half-configured libncurses6:amd64 6.2+20201114-2
2023-01-18 05:07:09 status half-installed libncurses6:amd64 6.2+20201114-2
2023-01-18 05:07:09 status config-files libncurses6:amd64 6.2+20201114-2
2023-01-18 05:07:09 status not-installed libncurses6:amd64 <none>
2023-01-18 05:07:09 status installed libncursesw6:amd64 6.2+20201114-2
2023-01-18 05:07:09 remove libncursesw6:amd64 6.2+20201114-2 <none>
2023-01-18 05:07:09 status half-configured libncursesw6:amd64 6.2+20201114-2
2023-01-18 05:07:09 status half-installed libncursesw6:amd64 6.2+20201114-2
2023-01-18 05:07:09 status config-files libncursesw6:amd64 6.2+20201114-2
2023-01-18 05:07:09 status not-installed libncursesw6:amd64 <none>
2023-01-18 05:07:09 status installed libnpth0:amd64 1.6-3
2023-01-18 05:07:09 remove libnpth0:amd64 1.6-3 <none>
2023-01-18 05:07:09 status half-configured libnpth0:amd64 1.6-3
2023-01-18 05:07:09 status half-installed libnpth0:amd64 1.6-3
2023-01-18 05:07:09 status config-files libnpth0:amd64 1.6-3
2023-01-18 05:07:09 status not-installed libnpth0:amd64 <none>
2023-01-18 05:07:09 status installed libnsl-dev:amd64 1.3.0-2
2023-01-18 05:07:09 status installed libpcre3-dev:amd64 2:8.39-13
2023-01-18 05:07:09 remove libpcre3-dev:amd64 2:8.39-13 <none>
2023-01-18 05:07:09 status half-configured libpcre3-dev:amd64 2:8.39-13
2023-01-18 05:07:09 status half-installed libpcre3-dev:amd64 2:8.39-13
2023-01-18 05:07:09 status config-files libpcre3-dev:amd64 2:8.39-13
2023-01-18 05:07:09 status not-installed libpcre3-dev:amd64 <none>
2023-01-18 05:07:09 status installed libpcre16-3:amd64 2:8.39-13
2023-01-18 05:07:09 remove libpcre16-3:amd64 2:8.39-13 <none>
2023-01-18 05:07:09 status half-configured libpcre16-3:amd64 2:8.39-13
2023-01-18 05:07:09 status half-installed libpcre16-3:amd64 2:8.39-13
2023-01-18 05:07:09 status config-files libpcre16-3:amd64 2:8.39-13
2023-01-18 05:07:09 status not-installed libpcre16-3:amd64 <none>
2023-01-18 05:07:09 status installed libpcre32-3:amd64 2:8.39-13
2023-01-18 05:07:09 remove libpcre32-3:amd64 2:8.39-13 <none>
2023-01-18 05:07:09 status half-configured libpcre32-3:amd64 2:8.39-13
2023-01-18 05:07:09 status half-installed libpcre32-3:amd64 2:8.39-13
2023-01-18 05:07:09 status config-files libpcre32-3:amd64 2:8.39-13
2023-01-18 05:07:09 status not-installed libpcre32-3:amd64 <none>
2023-01-18 05:07:09 status installed libpcrecpp0v5:amd64 2:8.39-13
2023-01-18 05:07:09 remove libpcrecpp0v5:amd64 2:8.39-13 <none>
2023-01-18 05:07:09 status half-configured libpcrecpp0v5:amd64 2:8.39-13
2023-01-18 05:07:09 status half-installed libpcrecpp0v5:amd64 2:8.39-13
2023-01-18 05:07:09 status config-files libpcrecpp0v5:amd64 2:8.39-13
2023-01-18 05:07:09 status not-installed libpcrecpp0v5:amd64 <none>
2023-01-18 05:07:09 status installed python3-minimal:amd64 3.9.2-3
2023-01-18 05:07:09 remove python3-minimal:amd64 3.9.2-3 <none>
2023-01-18 05:07:09 status half-configured python3-minimal:amd64 3.9.2-3
2023-01-18 05:07:09 status half-installed python3-minimal:amd64 3.9.2-3
2023-01-18 05:07:09 status config-files python3-minimal:amd64 3.9.2-3
2023-01-18 05:07:09 status not-installed python3-minimal:amd64 <none>
2023-01-18 05:07:09 status installed python3.9-minimal:amd64 3.9.2-1
2023-01-18 05:07:09 remove python3.9-minimal:amd64 3.9.2-1 <none>
2023-01-18 05:07:09 status half-configured python3.9-minimal:amd64 3.9.2-1
2023-01-18 05:07:09 status half-installed python3.9-minimal:amd64 3.9.2-1
2023-01-18 05:07:09 status config-files python3.9-minimal:amd64 3.9.2-1
2023-01-18 05:07:09 status installed libpython3.9-minimal:amd64 3.9.2-1
2023-01-18 05:07:09 remove libpython3.9-minimal:amd64 3.9.2-1 <none>
2023-01-18 05:07:09 status half-configured libpython3.9-minimal:amd64 3.9.2-1
2023-01-18 05:07:09 status half-installed libpython3.9-minimal:amd64 3.9.2-1
2023-01-18 05:07:09 status config-files libpython3.9-minimal:amd64 3.9.2-1
2023-01-18 05:07:09 status installed libquadmath0:amd64 10.2.1-6
2023-01-18 05:07:09 remove libquadmath0:amd64 10.2.1-6 <none>
2023-01-18 05:07:09 status half-configured libquadmath0:amd64 10.2.1-6
2023-01-18 05:07:09 status half-installed libquadmath0:amd64 10.2.1-6
2023-01-18 05:07:09 status config-files libquadmath0:amd64 10.2.1-6
2023-01-18 05:07:09 status not-installed libquadmath0:amd64 <none>
2023-01-18 05:07:09 status installed libreadline8:amd64 8.1-1
2023-01-18 05:07:09 remove libreadline8:amd64 8.1-1 <none>
2023-01-18 05:07:09 status half-configured libreadline8:amd64 8.1-1
2023-01-18 05:07:09 status half-installed libreadline8:amd64 8.1-1
2023-01-18 05:07:09 status config-files libreadline8:amd64 8.1-1
2023-01-18 05:07:09 status not-installed libreadline8:amd64 <none>
2023-01-18 05:07:09 status installed libsctp1:amd64 1.0.18+dfsg-1
2023-01-18 05:07:09 remove libsctp1:amd64 1.0.18+dfsg-1 <none>
2023-01-18 05:07:09 status half-configured libsctp1:amd64 1.0.18+dfsg-1
2023-01-18 05:07:09 status half-installed libsctp1:amd64 1.0.18+dfsg-1
2023-01-18 05:07:09 status config-files libsctp1:amd64 1.0.18+dfsg-1
2023-01-18 05:07:09 status not-installed libsctp1:amd64 <none>
2023-01-18 05:07:09 status installed libsqlite3-0:amd64 3.34.1-3
2023-01-18 05:07:09 remove libsqlite3-0:amd64 3.34.1-3 <none>
2023-01-18 05:07:09 status half-configured libsqlite3-0:amd64 3.34.1-3
2023-01-18 05:07:09 status half-installed libsqlite3-0:amd64 3.34.1-3
2023-01-18 05:07:09 status config-files libsqlite3-0:amd64 3.34.1-3
2023-01-18 05:07:09 status not-installed libsqlite3-0:amd64 <none>
2023-01-18 05:07:09 status installed libssl-dev:amd64 1.1.1n-0+deb11u3
2023-01-18 05:07:09 remove libssl-dev:amd64 1.1.1n-0+deb11u3 <none>
2023-01-18 05:07:09 status half-configured libssl-dev:amd64 1.1.1n-0+deb11u3
2023-01-18 05:07:09 status half-installed libssl-dev:amd64 1.1.1n-0+deb11u3
2023-01-18 05:07:09 status config-files libssl-dev:amd64 1.1.1n-0+deb11u3
2023-01-18 05:07:09 status not-installed libssl-dev:amd64 <none>
2023-01-18 05:07:09 status installed libtirpc-dev:amd64 1.3.1-1+deb11u1
2023-01-18 05:07:09 status installed libtsan0:amd64 10.2.1-6
2023-01-18 05:07:09 remove libtsan0:amd64 10.2.1-6 <none>
2023-01-18 05:07:09 status half-configured libtsan0:amd64 10.2.1-6
2023-01-18 05:07:09 status half-installed libtsan0:amd64 10.2.1-6
2023-01-18 05:07:09 status config-files libtsan0:amd64 10.2.1-6
2023-01-18 05:07:09 status not-installed libtsan0:amd64 <none>
2023-01-18 05:07:09 status installed libubsan1:amd64 10.2.1-6
2023-01-18 05:07:09 remove libubsan1:amd64 10.2.1-6 <none>
2023-01-18 05:07:09 status half-configured libubsan1:amd64 10.2.1-6
2023-01-18 05:07:09 status half-installed libubsan1:amd64 10.2.1-6
2023-01-18 05:07:09 status config-files libubsan1:amd64 10.2.1-6
2023-01-18 05:07:09 status not-installed libubsan1:amd64 <none>
2023-01-18 05:07:09 status installed linux-libc-dev:amd64 5.10.158-2
2023-01-18 05:07:09 status installed make:amd64 4.3-4.1
2023-01-18 05:07:09 remove make:amd64 4.3-4.1 <none>
2023-01-18 05:07:09 status half-configured make:amd64 4.3-4.1
2023-01-18 05:07:09 status half-installed make:amd64 4.3-4.1
2023-01-18 05:07:09 status config-files make:amd64 4.3-4.1
2023-01-18 05:07:09 status not-installed make:amd64 <none>
2023-01-18 05:07:09 status installed media-types:all 4.0.0
2023-01-18 05:07:09 remove media-types:all 4.0.0 <none>
2023-01-18 05:07:09 status half-configured media-types:all 4.0.0
2023-01-18 05:07:09 status half-installed media-types:all 4.0.0
2023-01-18 05:07:09 status config-files media-types:all 4.0.0
2023-01-18 05:07:09 status installed patch:amd64 2.7.6-7
2023-01-18 05:07:09 remove patch:amd64 2.7.6-7 <none>
2023-01-18 05:07:09 status half-configured patch:amd64 2.7.6-7
2023-01-18 05:07:09 status half-installed patch:amd64 2.7.6-7
2023-01-18 05:07:09 status config-files patch:amd64 2.7.6-7
2023-01-18 05:07:09 status not-installed patch:amd64 <none>
2023-01-18 05:07:09 status installed perl-modules-5.32:all 5.32.1-4+deb11u2
2023-01-18 05:07:09 remove perl-modules-5.32:all 5.32.1-4+deb11u2 <none>
2023-01-18 05:07:09 status half-configured perl-modules-5.32:all 5.32.1-4+deb11u2
2023-01-18 05:07:09 status half-installed perl-modules-5.32:all 5.32.1-4+deb11u2
2023-01-18 05:07:10 status config-files perl-modules-5.32:all 5.32.1-4+deb11u2
2023-01-18 05:07:10 status not-installed perl-modules-5.32:all <none>
2023-01-18 05:07:10 status installed readline-common:all 8.1-1
2023-01-18 05:07:10 remove readline-common:all 8.1-1 <none>
2023-01-18 05:07:10 status half-configured readline-common:all 8.1-1
2023-01-18 05:07:10 status half-installed readline-common:all 8.1-1
2023-01-18 05:07:10 status config-files readline-common:all 8.1-1
2023-01-18 05:07:10 status installed wget:amd64 1.21-1+deb11u1
2023-01-18 05:07:10 remove wget:amd64 1.21-1+deb11u1 <none>
2023-01-18 05:07:10 status half-configured wget:amd64 1.21-1+deb11u1
2023-01-18 05:07:10 status half-installed wget:amd64 1.21-1+deb11u1
2023-01-18 05:07:10 status config-files wget:amd64 1.21-1+deb11u1
2023-01-18 05:07:10 status installed xz-utils:amd64 5.2.5-2.1~deb11u1
2023-01-18 05:07:10 remove xz-utils:amd64 5.2.5-2.1~deb11u1 <none>
2023-01-18 05:07:10 status half-configured xz-utils:amd64 5.2.5-2.1~deb11u1
2023-01-18 05:07:10 status half-installed xz-utils:amd64 5.2.5-2.1~deb11u1
2023-01-18 05:07:10 status config-files xz-utils:amd64 5.2.5-2.1~deb11u1
2023-01-18 05:07:10 status not-installed xz-utils:amd64 <none>
2023-01-18 05:07:10 remove libc6-dev:amd64 2.31-13+deb11u5 <none>
2023-01-18 05:07:10 status half-configured libc6-dev:amd64 2.31-13+deb11u5
2023-01-18 05:07:10 status half-installed libc6-dev:amd64 2.31-13+deb11u5
2023-01-18 05:07:10 status config-files libc6-dev:amd64 2.31-13+deb11u5
2023-01-18 05:07:10 status not-installed libc6-dev:amd64 <none>
2023-01-18 05:07:10 remove libc-dev-bin:amd64 2.31-13+deb11u5 <none>
2023-01-18 05:07:10 status half-configured libc-dev-bin:amd64 2.31-13+deb11u5
2023-01-18 05:07:10 status half-installed libc-dev-bin:amd64 2.31-13+deb11u5
2023-01-18 05:07:10 status config-files libc-dev-bin:amd64 2.31-13+deb11u5
2023-01-18 05:07:10 status not-installed libc-dev-bin:amd64 <none>
2023-01-18 05:07:10 remove libcrypt-dev:amd64 1:4.4.18-4 <none>
2023-01-18 05:07:10 status half-configured libcrypt-dev:amd64 1:4.4.18-4
2023-01-18 05:07:10 status half-installed libcrypt-dev:amd64 1:4.4.18-4
2023-01-18 05:07:10 status config-files libcrypt-dev:amd64 1:4.4.18-4
2023-01-18 05:07:10 status not-installed libcrypt-dev:amd64 <none>
2023-01-18 05:07:10 remove libnsl-dev:amd64 1.3.0-2 <none>
2023-01-18 05:07:10 status half-configured libnsl-dev:amd64 1.3.0-2
2023-01-18 05:07:10 status half-installed libnsl-dev:amd64 1.3.0-2
2023-01-18 05:07:10 status config-files libnsl-dev:amd64 1.3.0-2
2023-01-18 05:07:10 status not-installed libnsl-dev:amd64 <none>
2023-01-18 05:07:10 remove libtirpc-dev:amd64 1.3.1-1+deb11u1 <none>
2023-01-18 05:07:10 status half-configured libtirpc-dev:amd64 1.3.1-1+deb11u1
2023-01-18 05:07:10 status half-installed libtirpc-dev:amd64 1.3.1-1+deb11u1
2023-01-18 05:07:10 status config-files libtirpc-dev:amd64 1.3.1-1+deb11u1
2023-01-18 05:07:10 status not-installed libtirpc-dev:amd64 <none>
2023-01-18 05:07:10 remove linux-libc-dev:amd64 5.10.158-2 <none>
2023-01-18 05:07:10 status half-configured linux-libc-dev:amd64 5.10.158-2
2023-01-18 05:07:10 status half-installed linux-libc-dev:amd64 5.10.158-2
2023-01-18 05:07:10 status config-files linux-libc-dev:amd64 5.10.158-2
2023-01-18 05:07:10 status not-installed linux-libc-dev:amd64 <none>
2023-01-18 05:07:10 startup packages configure
2023-01-18 05:07:10 trigproc libc-bin:amd64 2.31-13+deb11u5 <none>
2023-01-18 05:07:10 status half-configured libc-bin:amd64 2.31-13+deb11u5
2023-01-18 05:07:10 status installed libc-bin:amd64 2.31-13+deb11u5
2023-01-18 05:07:10 startup packages purge
2023-01-18 05:07:10 purge media-types:all 4.0.0 <none>
2023-01-18 05:07:10 status config-files media-types:all 4.0.0
2023-01-18 05:07:10 status not-installed media-types:all <none>
2023-01-18 05:07:10 purge gpg-agent:amd64 2.2.27-2+deb11u2 <none>
2023-01-18 05:07:10 status config-files gpg-agent:amd64 2.2.27-2+deb11u2
2023-01-18 05:07:10 status not-installed gpg-agent:amd64 <none>
2023-01-18 05:07:10 purge wget:amd64 1.21-1+deb11u1 <none>
2023-01-18 05:07:10 status config-files wget:amd64 1.21-1+deb11u1
2023-01-18 05:07:10 status not-installed wget:amd64 <none>
2023-01-18 05:07:10 purge libglib2.0-0:amd64 2.66.8-1 <none>
2023-01-18 05:07:10 status config-files libglib2.0-0:amd64 2.66.8-1
2023-01-18 05:07:10 status not-installed libglib2.0-0:amd64 <none>
2023-01-18 05:07:10 purge libpython3.9-minimal:amd64 3.9.2-1 <none>
2023-01-18 05:07:10 status config-files libpython3.9-minimal:amd64 3.9.2-1
2023-01-18 05:07:10 status not-installed libpython3.9-minimal:amd64 <none>
2023-01-18 05:07:10 purge python3:amd64 3.9.2-3 <none>
2023-01-18 05:07:10 status config-files python3:amd64 3.9.2-3
2023-01-18 05:07:10 status not-installed python3:amd64 <none>
2023-01-18 05:07:10 purge dpkg-dev:all 1.20.12 <none>
2023-01-18 05:07:10 status config-files dpkg-dev:all 1.20.12
2023-01-18 05:07:10 status not-installed dpkg-dev:all <none>
2023-01-18 05:07:10 purge dirmngr:amd64 2.2.27-2+deb11u2 <none>
2023-01-18 05:07:10 status config-files dirmngr:amd64 2.2.27-2+deb11u2
2023-01-18 05:07:10 status not-installed dirmngr:amd64 <none>
2023-01-18 05:07:10 purge perl:amd64 5.32.1-4+deb11u2 <none>
2023-01-18 05:07:10 status config-files perl:amd64 5.32.1-4+deb11u2
2023-01-18 05:07:10 status not-installed perl:amd64 <none>
2023-01-18 05:07:10 purge pkg-config:amd64 0.29.2-1 <none>
2023-01-18 05:07:10 status config-files pkg-config:amd64 0.29.2-1
2023-01-18 05:07:10 status not-installed pkg-config:amd64 <none>
2023-01-18 05:07:10 purge python3.9-minimal:amd64 3.9.2-1 <none>
2023-01-18 05:07:10 status config-files python3.9-minimal:amd64 3.9.2-1
2023-01-18 05:07:11 status not-installed python3.9-minimal:amd64 <none>
2023-01-18 05:07:11 purge readline-common:all 8.1-1 <none>
2023-01-18 05:07:11 status config-files readline-common:all 8.1-1
2023-01-18 05:07:11 status not-installed readline-common:all <none>
2023-01-18 05:07:11 startup packages configure
